<?xml version="1.0" encoding="UTF-8"?>
<testsuite xmlns:xsi="http://www.w3.org/2001/XMLSchema-instance" xsi:noNamespaceSchemaLocation="https://maven.apache.org/surefire/maven-surefire-plugin/xsd/surefire-test-report-3.0.xsd" version="3.0" name="com.transferer.payment.PaymentSagaIntegrationTest" time="4.88" tests="1" errors="0" skipped="0" failures="1">
  <properties>
[...]
</properties>
  <testcase name="should_verify_account_balances_during_rollback_scenario" classname="com.transferer.payment.PaymentSagaIntegrationTest" time="4.087">
    <failure message="expectation &quot;assertNext&quot; failed (expected: onNext(); actual: onError(java.util.concurrent.TimeoutException: Did not observe any item or terminal signal within 3000ms in &apos;ignoreThen&apos; (and no fallback has been configured)))" type="java.lang.AssertionError"><![CDATA[java.lang.AssertionError: expectation "assertNext" failed (expected: onNext(); actual: onError(java.util.concurrent.TimeoutException: Did not observe any item or terminal signal within 3000ms in 'ignoreThen' (and no fallback has been configured)))
	at reactor.test.MessageFormatter.assertionError(MessageFormatter.java:115)
	at reactor.test.MessageFormatter.failPrefix(MessageFormatter.java:104)
	at reactor.test.MessageFormatter.fail(MessageFormatter.java:73)
	at reactor.test.MessageFormatter.failOptional(MessageFormatter.java:88)
	at reactor.test.DefaultStepVerifierBuilder.lambda$consumeNextWith$1(DefaultStepVerifierBuilder.java:276)
	at reactor.test.DefaultStepVerifierBuilder$SignalEvent.test(DefaultStepVerifierBuilder.java:2289)
	at reactor.test.DefaultStepVerifierBuilder$DefaultVerifySubscriber.onSignal(DefaultStepVerifierBuilder.java:1529)
	at reactor.test.DefaultStepVerifierBuilder$DefaultVerifySubscriber.onExpectation(DefaultStepVerifierBuilder.java:1477)
	at reactor.test.DefaultStepVerifierBuilder$DefaultVerifySubscriber.onError(DefaultStepVerifierBuilder.java:1129)
	at reactor.core.publisher.MonoFlatMap$FlatMapMain.secondError(MonoFlatMap.java:241)
	at reactor.core.publisher.MonoFlatMap$FlatMapInner.onError(MonoFlatMap.java:315)
	at reactor.core.publisher.MonoIgnoreThen$ThenIgnoreMain.onError(MonoIgnoreThen.java:279)
	at reactor.core.publisher.SerializedSubscriber.onError(SerializedSubscriber.java:124)
	at reactor.core.publisher.FluxTimeout$TimeoutMainSubscriber.handleTimeout(FluxTimeout.java:296)
	at reactor.core.publisher.FluxTimeout$TimeoutMainSubscriber.doTimeout(FluxTimeout.java:281)
	at reactor.core.publisher.FluxTimeout$TimeoutTimeoutSubscriber.onNext(FluxTimeout.java:420)
	at reactor.core.publisher.FluxOnErrorReturn$ReturnSubscriber.onNext(FluxOnErrorReturn.java:162)
	at reactor.core.publisher.MonoDelay$MonoDelayRunnable.propagateDelay(MonoDelay.java:270)
	at reactor.core.publisher.MonoDelay$MonoDelayRunnable.run(MonoDelay.java:285)
	at reactor.core.scheduler.SchedulerTask.call(SchedulerTask.java:68)
	at reactor.core.scheduler.SchedulerTask.call(SchedulerTask.java:28)
	at java.base/java.util.concurrent.FutureTask.run(FutureTask.java:328)
	at java.base/java.util.concurrent.ScheduledThreadPoolExecutor$ScheduledFutureTask.run(ScheduledThreadPoolExecutor.java:309)
	at java.base/java.util.concurrent.ThreadPoolExecutor.runWorker(ThreadPoolExecutor.java:1095)
	at java.base/java.util.concurrent.ThreadPoolExecutor$Worker.run(ThreadPoolExecutor.java:619)
	at java.base/java.lang.Thread.run(Thread.java:1447)
	Suppressed: java.util.concurrent.TimeoutException: Did not observe any item or terminal signal within 3000ms in 'ignoreThen' (and no fallback has been configured)
		... 13 more
]]></failure>
    <system-out><![CDATA[20:20:14.861 [main] INFO org.springframework.test.context.support.AnnotationConfigContextLoaderUtils -- Could not detect default configuration classes for test class [com.transferer.payment.PaymentSagaIntegrationTest]: PaymentSagaIntegrationTest does not declare any static, non-private, non-final, nested classes annotated with @Configuration.
20:20:14.918 [main] INFO org.springframework.boot.test.context.SpringBootTestContextBootstrapper -- Found @SpringBootConfiguration com.transferer.TransfererApplication for test class com.transferer.payment.PaymentSagaIntegrationTest

  .   ____          _            __ _ _
 /\\ / ___'_ __ _ _(_)_ __  __ _ \ \ \ \
( ( )\___ | '_ | '_| | '_ \/ _` | \ \ \ \
 \\/  ___)| |_)| | | | | || (_| |  ) ) ) )
  '  |____| .__|_| |_|_| |_\__, | / / / /
 =========|_|==============|___/=/_/_/_/
&amp#27;[32m :: Spring Boot :: &amp#27;[39m              &amp#27;[2m (v3.2.0)&amp#27;[0;39m

&amp#27;[2m2025-08-17T20:20:15.054+01:00&amp#27;[0;39m &amp#27;[32m INFO&amp#27;[0;39m &amp#27;[35m32373&amp#27;[0;39m &amp#27;[2m---&amp#27;[0;39m &amp#27;[2m[transferer] [           main]&amp#27;[0;39m &amp#27;[2m&amp#27;[0;39m&amp#27;[36mc.t.payment.PaymentSagaIntegrationTest  &amp#27;[0;39m &amp#27;[2m:&amp#27;[0;39m Starting PaymentSagaIntegrationTest using Java 24.0.2 with PID 32373 (started by bendrawer in /Users/bendrawer/transferer)
&amp#27;[2m2025-08-17T20:20:15.054+01:00&amp#27;[0;39m &amp#27;[32mDEBUG&amp#27;[0;39m &amp#27;[35m32373&amp#27;[0;39m &amp#27;[2m---&amp#27;[0;39m &amp#27;[2m[transferer] [           main]&amp#27;[0;39m &amp#27;[2m&amp#27;[0;39m&amp#27;[36mc.t.payment.PaymentSagaIntegrationTest  &amp#27;[0;39m &amp#27;[2m:&amp#27;[0;39m Running with Spring Boot v3.2.0, Spring v6.1.1
&amp#27;[2m2025-08-17T20:20:15.055+01:00&amp#27;[0;39m &amp#27;[32m INFO&amp#27;[0;39m &amp#27;[35m32373&amp#27;[0;39m &amp#27;[2m---&amp#27;[0;39m &amp#27;[2m[transferer] [           main]&amp#27;[0;39m &amp#27;[2m&amp#27;[0;39m&amp#27;[36mc.t.payment.PaymentSagaIntegrationTest  &amp#27;[0;39m &amp#27;[2m:&amp#27;[0;39m The following 1 profile is active: "test"
&amp#27;[2m2025-08-17T20:20:15.183+01:00&amp#27;[0;39m &amp#27;[32m INFO&amp#27;[0;39m &amp#27;[35m32373&amp#27;[0;39m &amp#27;[2m---&amp#27;[0;39m &amp#27;[2m[transferer] [           main]&amp#27;[0;39m &amp#27;[2m&amp#27;[0;39m&amp#27;[36m.s.d.r.c.RepositoryConfigurationDelegate&amp#27;[0;39m &amp#27;[2m:&amp#27;[0;39m Bootstrapping Spring Data R2DBC repositories in DEFAULT mode.
&amp#27;[2m2025-08-17T20:20:15.236+01:00&amp#27;[0;39m &amp#27;[32m INFO&amp#27;[0;39m &amp#27;[35m32373&amp#27;[0;39m &amp#27;[2m---&amp#27;[0;39m &amp#27;[2m[transferer] [           main]&amp#27;[0;39m &amp#27;[2m&amp#27;[0;39m&amp#27;[36m.s.d.r.c.RepositoryConfigurationDelegate&amp#27;[0;39m &amp#27;[2m:&amp#27;[0;39m Finished Spring Data repository scanning in 51 ms. Found 4 R2DBC repository interfaces.
&amp#27;[2m2025-08-17T20:20:15.463+01:00&amp#27;[0;39m &amp#27;[32mDEBUG&amp#27;[0;39m &amp#27;[35m32373&amp#27;[0;39m &amp#27;[2m---&amp#27;[0;39m &amp#27;[2m[transferer] [           main]&amp#27;[0;39m &amp#27;[2m&amp#27;[0;39m&amp#27;[36mc.t.shared.outbox.OutboxEventBus        &amp#27;[0;39m &amp#27;[2m:&amp#27;[0;39m Subscribed handler to event class: PaymentStepAdvancedEvent
&amp#27;[2m2025-08-17T20:20:15.463+01:00&amp#27;[0;39m &amp#27;[32mDEBUG&amp#27;[0;39m &amp#27;[35m32373&amp#27;[0;39m &amp#27;[2m---&amp#27;[0;39m &amp#27;[2m[transferer] [           main]&amp#27;[0;39m &amp#27;[2m&amp#27;[0;39m&amp#27;[36mc.t.shared.outbox.OutboxEventBus        &amp#27;[0;39m &amp#27;[2m:&amp#27;[0;39m Subscribed handler to event class: TransactionCreatedEvent
&amp#27;[2m2025-08-17T20:20:15.463+01:00&amp#27;[0;39m &amp#27;[32mDEBUG&amp#27;[0;39m &amp#27;[35m32373&amp#27;[0;39m &amp#27;[2m---&amp#27;[0;39m &amp#27;[2m[transferer] [           main]&amp#27;[0;39m &amp#27;[2m&amp#27;[0;39m&amp#27;[36mc.t.shared.outbox.OutboxEventBus        &amp#27;[0;39m &amp#27;[2m:&amp#27;[0;39m Subscribed handler to event class: AccountDebitedEvent
&amp#27;[2m2025-08-17T20:20:15.463+01:00&amp#27;[0;39m &amp#27;[32mDEBUG&amp#27;[0;39m &amp#27;[35m32373&amp#27;[0;39m &amp#27;[2m---&amp#27;[0;39m &amp#27;[2m[transferer] [           main]&amp#27;[0;39m &amp#27;[2m&amp#27;[0;39m&amp#27;[36mc.t.shared.outbox.OutboxEventBus        &amp#27;[0;39m &amp#27;[2m:&amp#27;[0;39m Subscribed handler to event class: AccountCreditedEvent
&amp#27;[2m2025-08-17T20:20:15.463+01:00&amp#27;[0;39m &amp#27;[32mDEBUG&amp#27;[0;39m &amp#27;[35m32373&amp#27;[0;39m &amp#27;[2m---&amp#27;[0;39m &amp#27;[2m[transferer] [           main]&amp#27;[0;39m &amp#27;[2m&amp#27;[0;39m&amp#27;[36mc.t.shared.outbox.OutboxEventBus        &amp#27;[0;39m &amp#27;[2m:&amp#27;[0;39m Subscribed handler to event class: TransactionCompletedEvent
&amp#27;[2m2025-08-17T20:20:15.463+01:00&amp#27;[0;39m &amp#27;[32mDEBUG&amp#27;[0;39m &amp#27;[35m32373&amp#27;[0;39m &amp#27;[2m---&amp#27;[0;39m &amp#27;[2m[transferer] [           main]&amp#27;[0;39m &amp#27;[2m&amp#27;[0;39m&amp#27;[36mc.t.shared.outbox.OutboxEventBus        &amp#27;[0;39m &amp#27;[2m:&amp#27;[0;39m Subscribed handler to event class: PaymentFailedEvent
&amp#27;[2m2025-08-17T20:20:15.558+01:00&amp#27;[0;39m &amp#27;[32mDEBUG&amp#27;[0;39m &amp#27;[35m32373&amp#27;[0;39m &amp#27;[2m---&amp#27;[0;39m &amp#27;[2m[transferer] [       single-1]&amp#27;[0;39m &amp#27;[2m&amp#27;[0;39m&amp#27;[36mio.r2dbc.h2.client.SessionClient        &amp#27;[0;39m &amp#27;[2m:&amp#27;[0;39m Request:  CALL H2VERSION()
&amp#27;[2m2025-08-17T20:20:15.559+01:00&amp#27;[0;39m &amp#27;[32mDEBUG&amp#27;[0;39m &amp#27;[35m32373&amp#27;[0;39m &amp#27;[2m---&amp#27;[0;39m &amp#27;[2m[transferer] [       single-1]&amp#27;[0;39m &amp#27;[2m&amp#27;[0;39m&amp#27;[36mio.r2dbc.h2.client.SessionClient        &amp#27;[0;39m &amp#27;[2m:&amp#27;[0;39m Response: org.h2.result.LocalResult@3b3bde16 columns: 1 rows: 1 pos: -1
&amp#27;[2m2025-08-17T20:20:15.563+01:00&amp#27;[0;39m &amp#27;[32mDEBUG&amp#27;[0;39m &amp#27;[35m32373&amp#27;[0;39m &amp#27;[2m---&amp#27;[0;39m &amp#27;[2m[transferer] [       single-1]&amp#27;[0;39m &amp#27;[2m&amp#27;[0;39m&amp#27;[36mio.r2dbc.h2.client.SessionClient        &amp#27;[0;39m &amp#27;[2m:&amp#27;[0;39m Request:  SELECT 1
&amp#27;[2m2025-08-17T20:20:15.564+01:00&amp#27;[0;39m &amp#27;[32mDEBUG&amp#27;[0;39m &amp#27;[35m32373&amp#27;[0;39m &amp#27;[2m---&amp#27;[0;39m &amp#27;[2m[transferer] [       single-1]&amp#27;[0;39m &amp#27;[2m&amp#27;[0;39m&amp#27;[36mio.r2dbc.h2.client.SessionClient        &amp#27;[0;39m &amp#27;[2m:&amp#27;[0;39m Response: org.h2.result.LocalResult@6970f5e7 columns: 1 rows: 1 pos: -1
&amp#27;[2m2025-08-17T20:20:15.566+01:00&amp#27;[0;39m &amp#27;[32mDEBUG&amp#27;[0;39m &amp#27;[35m32373&amp#27;[0;39m &amp#27;[2m---&amp#27;[0;39m &amp#27;[2m[transferer] [       single-1]&amp#27;[0;39m &amp#27;[2m&amp#27;[0;39m&amp#27;[36mo.s.r2dbc.connection.init.ScriptUtils   &amp#27;[0;39m &amp#27;[2m:&amp#27;[0;39m Executing SQL script from class path resource [test-schema.sql]
&amp#27;[2m2025-08-17T20:20:15.575+01:00&amp#27;[0;39m &amp#27;[32mDEBUG&amp#27;[0;39m &amp#27;[35m32373&amp#27;[0;39m &amp#27;[2m---&amp#27;[0;39m &amp#27;[2m[transferer] [       single-1]&amp#27;[0;39m &amp#27;[2m&amp#27;[0;39m&amp#27;[36mio.r2dbc.h2.client.SessionClient        &amp#27;[0;39m &amp#27;[2m:&amp#27;[0;39m Request:  CALL H2VERSION()
&amp#27;[2m2025-08-17T20:20:15.576+01:00&amp#27;[0;39m &amp#27;[32mDEBUG&amp#27;[0;39m &amp#27;[35m32373&amp#27;[0;39m &amp#27;[2m---&amp#27;[0;39m &amp#27;[2m[transferer] [       single-1]&amp#27;[0;39m &amp#27;[2m&amp#27;[0;39m&amp#27;[36mio.r2dbc.h2.client.SessionClient        &amp#27;[0;39m &amp#27;[2m:&amp#27;[0;39m Response: org.h2.result.LocalResult@5a7b0c84 columns: 1 rows: 1 pos: -1
&amp#27;[2m2025-08-17T20:20:15.576+01:00&amp#27;[0;39m &amp#27;[32mDEBUG&amp#27;[0;39m &amp#27;[35m32373&amp#27;[0;39m &amp#27;[2m---&amp#27;[0;39m &amp#27;[2m[transferer] [       single-1]&amp#27;[0;39m &amp#27;[2m&amp#27;[0;39m&amp#27;[36mio.r2dbc.h2.client.SessionClient        &amp#27;[0;39m &amp#27;[2m:&amp#27;[0;39m Request:  CALL H2VERSION()
&amp#27;[2m2025-08-17T20:20:15.576+01:00&amp#27;[0;39m &amp#27;[32mDEBUG&amp#27;[0;39m &amp#27;[35m32373&amp#27;[0;39m &amp#27;[2m---&amp#27;[0;39m &amp#27;[2m[transferer] [       single-1]&amp#27;[0;39m &amp#27;[2m&amp#27;[0;39m&amp#27;[36mio.r2dbc.h2.client.SessionClient        &amp#27;[0;39m &amp#27;[2m:&amp#27;[0;39m Response: org.h2.result.LocalResult@31a08dce columns: 1 rows: 1 pos: -1
&amp#27;[2m2025-08-17T20:20:15.577+01:00&amp#27;[0;39m &amp#27;[32mDEBUG&amp#27;[0;39m &amp#27;[35m32373&amp#27;[0;39m &amp#27;[2m---&amp#27;[0;39m &amp#27;[2m[transferer] [       single-1]&amp#27;[0;39m &amp#27;[2m&amp#27;[0;39m&amp#27;[36mio.r2dbc.h2.client.SessionClient        &amp#27;[0;39m &amp#27;[2m:&amp#27;[0;39m Request:  CALL H2VERSION()
&amp#27;[2m2025-08-17T20:20:15.577+01:00&amp#27;[0;39m &amp#27;[32mDEBUG&amp#27;[0;39m &amp#27;[35m32373&amp#27;[0;39m &amp#27;[2m---&amp#27;[0;39m &amp#27;[2m[transferer] [       single-1]&amp#27;[0;39m &amp#27;[2m&amp#27;[0;39m&amp#27;[36mio.r2dbc.h2.client.SessionClient        &amp#27;[0;39m &amp#27;[2m:&amp#27;[0;39m Response: org.h2.result.LocalResult@4f65a8e1 columns: 1 rows: 1 pos: -1
&amp#27;[2m2025-08-17T20:20:15.577+01:00&amp#27;[0;39m &amp#27;[32mDEBUG&amp#27;[0;39m &amp#27;[35m32373&amp#27;[0;39m &amp#27;[2m---&amp#27;[0;39m &amp#27;[2m[transferer] [       single-1]&amp#27;[0;39m &amp#27;[2m&amp#27;[0;39m&amp#27;[36mio.r2dbc.h2.client.SessionClient        &amp#27;[0;39m &amp#27;[2m:&amp#27;[0;39m Request:  CALL H2VERSION()
&amp#27;[2m2025-08-17T20:20:15.577+01:00&amp#27;[0;39m &amp#27;[32mDEBUG&amp#27;[0;39m &amp#27;[35m32373&amp#27;[0;39m &amp#27;[2m---&amp#27;[0;39m &amp#27;[2m[transferer] [       single-1]&amp#27;[0;39m &amp#27;[2m&amp#27;[0;39m&amp#27;[36mio.r2dbc.h2.client.SessionClient        &amp#27;[0;39m &amp#27;[2m:&amp#27;[0;39m Response: org.h2.result.LocalResult@2a91f42f columns: 1 rows: 1 pos: -1
&amp#27;[2m2025-08-17T20:20:15.578+01:00&amp#27;[0;39m &amp#27;[32mDEBUG&amp#27;[0;39m &amp#27;[35m32373&amp#27;[0;39m &amp#27;[2m---&amp#27;[0;39m &amp#27;[2m[transferer] [       single-1]&amp#27;[0;39m &amp#27;[2m&amp#27;[0;39m&amp#27;[36mio.r2dbc.h2.client.SessionClient        &amp#27;[0;39m &amp#27;[2m:&amp#27;[0;39m Request:  CALL H2VERSION()
&amp#27;[2m2025-08-17T20:20:15.578+01:00&amp#27;[0;39m &amp#27;[32mDEBUG&amp#27;[0;39m &amp#27;[35m32373&amp#27;[0;39m &amp#27;[2m---&amp#27;[0;39m &amp#27;[2m[transferer] [       single-1]&amp#27;[0;39m &amp#27;[2m&amp#27;[0;39m&amp#27;[36mio.r2dbc.h2.client.SessionClient        &amp#27;[0;39m &amp#27;[2m:&amp#27;[0;39m Response: org.h2.result.LocalResult@288cd2d5 columns: 1 rows: 1 pos: -1
&amp#27;[2m2025-08-17T20:20:15.578+01:00&amp#27;[0;39m &amp#27;[32mDEBUG&amp#27;[0;39m &amp#27;[35m32373&amp#27;[0;39m &amp#27;[2m---&amp#27;[0;39m &amp#27;[2m[transferer] [       single-1]&amp#27;[0;39m &amp#27;[2m&amp#27;[0;39m&amp#27;[36mio.r2dbc.h2.client.SessionClient        &amp#27;[0;39m &amp#27;[2m:&amp#27;[0;39m Request:  CALL H2VERSION()
&amp#27;[2m2025-08-17T20:20:15.578+01:00&amp#27;[0;39m &amp#27;[32mDEBUG&amp#27;[0;39m &amp#27;[35m32373&amp#27;[0;39m &amp#27;[2m---&amp#27;[0;39m &amp#27;[2m[transferer] [       single-1]&amp#27;[0;39m &amp#27;[2m&amp#27;[0;39m&amp#27;[36mio.r2dbc.h2.client.SessionClient        &amp#27;[0;39m &amp#27;[2m:&amp#27;[0;39m Response: org.h2.result.LocalResult@1df7f4f7 columns: 1 rows: 1 pos: -1
&amp#27;[2m2025-08-17T20:20:15.579+01:00&amp#27;[0;39m &amp#27;[32mDEBUG&amp#27;[0;39m &amp#27;[35m32373&amp#27;[0;39m &amp#27;[2m---&amp#27;[0;39m &amp#27;[2m[transferer] [       single-1]&amp#27;[0;39m &amp#27;[2m&amp#27;[0;39m&amp#27;[36mio.r2dbc.h2.client.SessionClient        &amp#27;[0;39m &amp#27;[2m:&amp#27;[0;39m Request:  CALL H2VERSION()
&amp#27;[2m2025-08-17T20:20:15.579+01:00&amp#27;[0;39m &amp#27;[32mDEBUG&amp#27;[0;39m &amp#27;[35m32373&amp#27;[0;39m &amp#27;[2m---&amp#27;[0;39m &amp#27;[2m[transferer] [       single-1]&amp#27;[0;39m &amp#27;[2m&amp#27;[0;39m&amp#27;[36mio.r2dbc.h2.client.SessionClient        &amp#27;[0;39m &amp#27;[2m:&amp#27;[0;39m Response: org.h2.result.LocalResult@7fb77508 columns: 1 rows: 1 pos: -1
&amp#27;[2m2025-08-17T20:20:15.579+01:00&amp#27;[0;39m &amp#27;[32mDEBUG&amp#27;[0;39m &amp#27;[35m32373&amp#27;[0;39m &amp#27;[2m---&amp#27;[0;39m &amp#27;[2m[transferer] [       single-1]&amp#27;[0;39m &amp#27;[2m&amp#27;[0;39m&amp#27;[36mio.r2dbc.h2.client.SessionClient        &amp#27;[0;39m &amp#27;[2m:&amp#27;[0;39m Request:  CALL H2VERSION()
&amp#27;[2m2025-08-17T20:20:15.579+01:00&amp#27;[0;39m &amp#27;[32mDEBUG&amp#27;[0;39m &amp#27;[35m32373&amp#27;[0;39m &amp#27;[2m---&amp#27;[0;39m &amp#27;[2m[transferer] [       single-1]&amp#27;[0;39m &amp#27;[2m&amp#27;[0;39m&amp#27;[36mio.r2dbc.h2.client.SessionClient        &amp#27;[0;39m &amp#27;[2m:&amp#27;[0;39m Response: org.h2.result.LocalResult@5aa2c65d columns: 1 rows: 1 pos: -1
&amp#27;[2m2025-08-17T20:20:15.579+01:00&amp#27;[0;39m &amp#27;[32mDEBUG&amp#27;[0;39m &amp#27;[35m32373&amp#27;[0;39m &amp#27;[2m---&amp#27;[0;39m &amp#27;[2m[transferer] [       single-1]&amp#27;[0;39m &amp#27;[2m&amp#27;[0;39m&amp#27;[36mio.r2dbc.h2.client.SessionClient        &amp#27;[0;39m &amp#27;[2m:&amp#27;[0;39m Request:  CALL H2VERSION()
&amp#27;[2m2025-08-17T20:20:15.579+01:00&amp#27;[0;39m &amp#27;[32mDEBUG&amp#27;[0;39m &amp#27;[35m32373&amp#27;[0;39m &amp#27;[2m---&amp#27;[0;39m &amp#27;[2m[transferer] [       single-1]&amp#27;[0;39m &amp#27;[2m&amp#27;[0;39m&amp#27;[36mio.r2dbc.h2.client.SessionClient        &amp#27;[0;39m &amp#27;[2m:&amp#27;[0;39m Response: org.h2.result.LocalResult@1476ada6 columns: 1 rows: 1 pos: -1
&amp#27;[2m2025-08-17T20:20:15.580+01:00&amp#27;[0;39m &amp#27;[32mDEBUG&amp#27;[0;39m &amp#27;[35m32373&amp#27;[0;39m &amp#27;[2m---&amp#27;[0;39m &amp#27;[2m[transferer] [       Thread-3]&amp#27;[0;39m &amp#27;[2m&amp#27;[0;39m&amp#27;[36mio.r2dbc.h2.client.SessionClient        &amp#27;[0;39m &amp#27;[2m:&amp#27;[0;39m Request:  CREATE TABLE IF NOT EXISTS accounts ( id VARCHAR(255) PRIMARY KEY, account_number VARCHAR(20) UNIQUE NOT NULL, holder_name VARCHAR(255) NOT NULL, balance DECIMAL(19,2) NOT NULL DEFAULT 0.00, status VARCHAR(20) NOT NULL DEFAULT 'ACTIVE', created_at TIMESTAMP NOT NULL DEFAULT CURRENT_TIMESTAMP, updated_at TIMESTAMP NOT NULL DEFAULT CURRENT_TIMESTAMP )
&amp#27;[2m2025-08-17T20:20:15.581+01:00&amp#27;[0;39m &amp#27;[32mDEBUG&amp#27;[0;39m &amp#27;[35m32373&amp#27;[0;39m &amp#27;[2m---&amp#27;[0;39m &amp#27;[2m[transferer] [       Thread-3]&amp#27;[0;39m &amp#27;[2m&amp#27;[0;39m&amp#27;[36mo.s.r2dbc.connection.init.ScriptUtils   &amp#27;[0;39m &amp#27;[2m:&amp#27;[0;39m 0 returned as update count for SQL: CREATE TABLE IF NOT EXISTS accounts ( id VARCHAR(255) PRIMARY KEY, account_number VARCHAR(20) UNIQUE NOT NULL, holder_name VARCHAR(255) NOT NULL, balance DECIMAL(19,2) NOT NULL DEFAULT 0.00, status VARCHAR(20) NOT NULL DEFAULT 'ACTIVE', created_at TIMESTAMP NOT NULL DEFAULT CURRENT_TIMESTAMP, updated_at TIMESTAMP NOT NULL DEFAULT CURRENT_TIMESTAMP )
&amp#27;[2m2025-08-17T20:20:15.581+01:00&amp#27;[0;39m &amp#27;[32mDEBUG&amp#27;[0;39m &amp#27;[35m32373&amp#27;[0;39m &amp#27;[2m---&amp#27;[0;39m &amp#27;[2m[transferer] [       Thread-3]&amp#27;[0;39m &amp#27;[2m&amp#27;[0;39m&amp#27;[36mio.r2dbc.h2.client.SessionClient        &amp#27;[0;39m &amp#27;[2m:&amp#27;[0;39m Request:  CREATE INDEX IF NOT EXISTS idx_accounts_account_number ON accounts (account_number)
&amp#27;[2m2025-08-17T20:20:15.581+01:00&amp#27;[0;39m &amp#27;[32mDEBUG&amp#27;[0;39m &amp#27;[35m32373&amp#27;[0;39m &amp#27;[2m---&amp#27;[0;39m &amp#27;[2m[transferer] [       Thread-3]&amp#27;[0;39m &amp#27;[2m&amp#27;[0;39m&amp#27;[36mo.s.r2dbc.connection.init.ScriptUtils   &amp#27;[0;39m &amp#27;[2m:&amp#27;[0;39m 0 returned as update count for SQL: CREATE INDEX IF NOT EXISTS idx_accounts_account_number ON accounts (account_number)
&amp#27;[2m2025-08-17T20:20:15.582+01:00&amp#27;[0;39m &amp#27;[32mDEBUG&amp#27;[0;39m &amp#27;[35m32373&amp#27;[0;39m &amp#27;[2m---&amp#27;[0;39m &amp#27;[2m[transferer] [       Thread-3]&amp#27;[0;39m &amp#27;[2m&amp#27;[0;39m&amp#27;[36mio.r2dbc.h2.client.SessionClient        &amp#27;[0;39m &amp#27;[2m:&amp#27;[0;39m Request:  CREATE INDEX IF NOT EXISTS idx_accounts_status ON accounts (status)
&amp#27;[2m2025-08-17T20:20:15.582+01:00&amp#27;[0;39m &amp#27;[32mDEBUG&amp#27;[0;39m &amp#27;[35m32373&amp#27;[0;39m &amp#27;[2m---&amp#27;[0;39m &amp#27;[2m[transferer] [       Thread-3]&amp#27;[0;39m &amp#27;[2m&amp#27;[0;39m&amp#27;[36mo.s.r2dbc.connection.init.ScriptUtils   &amp#27;[0;39m &amp#27;[2m:&amp#27;[0;39m 0 returned as update count for SQL: CREATE INDEX IF NOT EXISTS idx_accounts_status ON accounts (status)
&amp#27;[2m2025-08-17T20:20:15.582+01:00&amp#27;[0;39m &amp#27;[32mDEBUG&amp#27;[0;39m &amp#27;[35m32373&amp#27;[0;39m &amp#27;[2m---&amp#27;[0;39m &amp#27;[2m[transferer] [       Thread-3]&amp#27;[0;39m &amp#27;[2m&amp#27;[0;39m&amp#27;[36mio.r2dbc.h2.client.SessionClient        &amp#27;[0;39m &amp#27;[2m:&amp#27;[0;39m Request:  CREATE TABLE IF NOT EXISTS transactions ( id VARCHAR(255) PRIMARY KEY, sender_account_id VARCHAR(255) NOT NULL, recipient_account_id VARCHAR(255) NOT NULL, amount DECIMAL(19,2) NOT NULL, status VARCHAR(20) NOT NULL DEFAULT 'PENDING', description TEXT, created_at TIMESTAMP NOT NULL DEFAULT CURRENT_TIMESTAMP, updated_at TIMESTAMP NOT NULL DEFAULT CURRENT_TIMESTAMP, completed_at TIMESTAMP NULL, CONSTRAINT fk_transactions_sender FOREIGN KEY (sender_account_id) REFERENCES accounts(id), CONSTRAINT fk_transactions_recipient FOREIGN KEY (recipient_account_id) REFERENCES accounts(id), CONSTRAINT chk_transactions_amount_positive CHECK (amount > 0), CONSTRAINT chk_transactions_different_accounts CHECK (sender_account_id != recipient_account_id) )
&amp#27;[2m2025-08-17T20:20:15.585+01:00&amp#27;[0;39m &amp#27;[32mDEBUG&amp#27;[0;39m &amp#27;[35m32373&amp#27;[0;39m &amp#27;[2m---&amp#27;[0;39m &amp#27;[2m[transferer] [       Thread-3]&amp#27;[0;39m &amp#27;[2m&amp#27;[0;39m&amp#27;[36mo.s.r2dbc.connection.init.ScriptUtils   &amp#27;[0;39m &amp#27;[2m:&amp#27;[0;39m 0 returned as update count for SQL: CREATE TABLE IF NOT EXISTS transactions ( id VARCHAR(255) PRIMARY KEY, sender_account_id VARCHAR(255) NOT NULL, recipient_account_id VARCHAR(255) NOT NULL, amount DECIMAL(19,2) NOT NULL, status VARCHAR(20) NOT NULL DEFAULT 'PENDING', description TEXT, created_at TIMESTAMP NOT NULL DEFAULT CURRENT_TIMESTAMP, updated_at TIMESTAMP NOT NULL DEFAULT CURRENT_TIMESTAMP, completed_at TIMESTAMP NULL, CONSTRAINT fk_transactions_sender FOREIGN KEY (sender_account_id) REFERENCES accounts(id), CONSTRAINT fk_transactions_recipient FOREIGN KEY (recipient_account_id) REFERENCES accounts(id), CONSTRAINT chk_transactions_amount_positive CHECK (amount > 0), CONSTRAINT chk_transactions_different_accounts CHECK (sender_account_id != recipient_account_id) )
&amp#27;[2m2025-08-17T20:20:15.585+01:00&amp#27;[0;39m &amp#27;[32mDEBUG&amp#27;[0;39m &amp#27;[35m32373&amp#27;[0;39m &amp#27;[2m---&amp#27;[0;39m &amp#27;[2m[transferer] [       Thread-3]&amp#27;[0;39m &amp#27;[2m&amp#27;[0;39m&amp#27;[36mio.r2dbc.h2.client.SessionClient        &amp#27;[0;39m &amp#27;[2m:&amp#27;[0;39m Request:  CREATE INDEX IF NOT EXISTS idx_transactions_sender_account_id ON transactions (sender_account_id)
&amp#27;[2m2025-08-17T20:20:15.585+01:00&amp#27;[0;39m &amp#27;[32mDEBUG&amp#27;[0;39m &amp#27;[35m32373&amp#27;[0;39m &amp#27;[2m---&amp#27;[0;39m &amp#27;[2m[transferer] [       Thread-3]&amp#27;[0;39m &amp#27;[2m&amp#27;[0;39m&amp#27;[36mo.s.r2dbc.connection.init.ScriptUtils   &amp#27;[0;39m &amp#27;[2m:&amp#27;[0;39m 0 returned as update count for SQL: CREATE INDEX IF NOT EXISTS idx_transactions_sender_account_id ON transactions (sender_account_id)
&amp#27;[2m2025-08-17T20:20:15.586+01:00&amp#27;[0;39m &amp#27;[32mDEBUG&amp#27;[0;39m &amp#27;[35m32373&amp#27;[0;39m &amp#27;[2m---&amp#27;[0;39m &amp#27;[2m[transferer] [       Thread-3]&amp#27;[0;39m &amp#27;[2m&amp#27;[0;39m&amp#27;[36mio.r2dbc.h2.client.SessionClient        &amp#27;[0;39m &amp#27;[2m:&amp#27;[0;39m Request:  CREATE INDEX IF NOT EXISTS idx_transactions_recipient_account_id ON transactions (recipient_account_id)
&amp#27;[2m2025-08-17T20:20:15.586+01:00&amp#27;[0;39m &amp#27;[32mDEBUG&amp#27;[0;39m &amp#27;[35m32373&amp#27;[0;39m &amp#27;[2m---&amp#27;[0;39m &amp#27;[2m[transferer] [       Thread-3]&amp#27;[0;39m &amp#27;[2m&amp#27;[0;39m&amp#27;[36mo.s.r2dbc.connection.init.ScriptUtils   &amp#27;[0;39m &amp#27;[2m:&amp#27;[0;39m 0 returned as update count for SQL: CREATE INDEX IF NOT EXISTS idx_transactions_recipient_account_id ON transactions (recipient_account_id)
&amp#27;[2m2025-08-17T20:20:15.586+01:00&amp#27;[0;39m &amp#27;[32mDEBUG&amp#27;[0;39m &amp#27;[35m32373&amp#27;[0;39m &amp#27;[2m---&amp#27;[0;39m &amp#27;[2m[transferer] [       Thread-3]&amp#27;[0;39m &amp#27;[2m&amp#27;[0;39m&amp#27;[36mio.r2dbc.h2.client.SessionClient        &amp#27;[0;39m &amp#27;[2m:&amp#27;[0;39m Request:  CREATE INDEX IF NOT EXISTS idx_transactions_status ON transactions (status)
&amp#27;[2m2025-08-17T20:20:15.586+01:00&amp#27;[0;39m &amp#27;[32mDEBUG&amp#27;[0;39m &amp#27;[35m32373&amp#27;[0;39m &amp#27;[2m---&amp#27;[0;39m &amp#27;[2m[transferer] [       Thread-3]&amp#27;[0;39m &amp#27;[2m&amp#27;[0;39m&amp#27;[36mo.s.r2dbc.connection.init.ScriptUtils   &amp#27;[0;39m &amp#27;[2m:&amp#27;[0;39m 0 returned as update count for SQL: CREATE INDEX IF NOT EXISTS idx_transactions_status ON transactions (status)
&amp#27;[2m2025-08-17T20:20:15.586+01:00&amp#27;[0;39m &amp#27;[32mDEBUG&amp#27;[0;39m &amp#27;[35m32373&amp#27;[0;39m &amp#27;[2m---&amp#27;[0;39m &amp#27;[2m[transferer] [       Thread-3]&amp#27;[0;39m &amp#27;[2m&amp#27;[0;39m&amp#27;[36mio.r2dbc.h2.client.SessionClient        &amp#27;[0;39m &amp#27;[2m:&amp#27;[0;39m Request:  CREATE INDEX IF NOT EXISTS idx_transactions_created_at ON transactions (created_at)
&amp#27;[2m2025-08-17T20:20:15.586+01:00&amp#27;[0;39m &amp#27;[32mDEBUG&amp#27;[0;39m &amp#27;[35m32373&amp#27;[0;39m &amp#27;[2m---&amp#27;[0;39m &amp#27;[2m[transferer] [       Thread-3]&amp#27;[0;39m &amp#27;[2m&amp#27;[0;39m&amp#27;[36mo.s.r2dbc.connection.init.ScriptUtils   &amp#27;[0;39m &amp#27;[2m:&amp#27;[0;39m 0 returned as update count for SQL: CREATE INDEX IF NOT EXISTS idx_transactions_created_at ON transactions (created_at)
&amp#27;[2m2025-08-17T20:20:15.587+01:00&amp#27;[0;39m &amp#27;[32mDEBUG&amp#27;[0;39m &amp#27;[35m32373&amp#27;[0;39m &amp#27;[2m---&amp#27;[0;39m &amp#27;[2m[transferer] [       Thread-3]&amp#27;[0;39m &amp#27;[2m&amp#27;[0;39m&amp#27;[36mio.r2dbc.h2.client.SessionClient        &amp#27;[0;39m &amp#27;[2m:&amp#27;[0;39m Request:  CREATE TABLE IF NOT EXISTS payments ( id VARCHAR(255) PRIMARY KEY, transaction_id VARCHAR(255), sender_account_id VARCHAR(255) NOT NULL, recipient_account_id VARCHAR(255) NOT NULL, amount DECIMAL(19,2) NOT NULL, description TEXT, status VARCHAR(20) NOT NULL DEFAULT 'PENDING', current_step VARCHAR(50) NOT NULL DEFAULT 'INITIATED', failure_reason TEXT, created_at TIMESTAMP NOT NULL DEFAULT CURRENT_TIMESTAMP, updated_at TIMESTAMP NOT NULL DEFAULT CURRENT_TIMESTAMP, completed_at TIMESTAMP NULL, CONSTRAINT fk_payments_transaction FOREIGN KEY (transaction_id) REFERENCES transactions(id), CONSTRAINT fk_payments_sender FOREIGN KEY (sender_account_id) REFERENCES accounts(id), CONSTRAINT fk_payments_recipient FOREIGN KEY (recipient_account_id) REFERENCES accounts(id), CONSTRAINT chk_payments_amount_positive CHECK (amount > 0), CONSTRAINT chk_payments_different_accounts CHECK (sender_account_id != recipient_account_id) )
&amp#27;[2m2025-08-17T20:20:15.589+01:00&amp#27;[0;39m &amp#27;[32mDEBUG&amp#27;[0;39m &amp#27;[35m32373&amp#27;[0;39m &amp#27;[2m---&amp#27;[0;39m &amp#27;[2m[transferer] [       Thread-3]&amp#27;[0;39m &amp#27;[2m&amp#27;[0;39m&amp#27;[36mo.s.r2dbc.connection.init.ScriptUtils   &amp#27;[0;39m &amp#27;[2m:&amp#27;[0;39m 0 returned as update count for SQL: CREATE TABLE IF NOT EXISTS payments ( id VARCHAR(255) PRIMARY KEY, transaction_id VARCHAR(255), sender_account_id VARCHAR(255) NOT NULL, recipient_account_id VARCHAR(255) NOT NULL, amount DECIMAL(19,2) NOT NULL, description TEXT, status VARCHAR(20) NOT NULL DEFAULT 'PENDING', current_step VARCHAR(50) NOT NULL DEFAULT 'INITIATED', failure_reason TEXT, created_at TIMESTAMP NOT NULL DEFAULT CURRENT_TIMESTAMP, updated_at TIMESTAMP NOT NULL DEFAULT CURRENT_TIMESTAMP, completed_at TIMESTAMP NULL, CONSTRAINT fk_payments_transaction FOREIGN KEY (transaction_id) REFERENCES transactions(id), CONSTRAINT fk_payments_sender FOREIGN KEY (sender_account_id) REFERENCES accounts(id), CONSTRAINT fk_payments_recipient FOREIGN KEY (recipient_account_id) REFERENCES accounts(id), CONSTRAINT chk_payments_amount_positive CHECK (amount > 0), CONSTRAINT chk_payments_different_accounts CHECK (sender_account_id != recipient_account_id) )
&amp#27;[2m2025-08-17T20:20:15.589+01:00&amp#27;[0;39m &amp#27;[32mDEBUG&amp#27;[0;39m &amp#27;[35m32373&amp#27;[0;39m &amp#27;[2m---&amp#27;[0;39m &amp#27;[2m[transferer] [       Thread-3]&amp#27;[0;39m &amp#27;[2m&amp#27;[0;39m&amp#27;[36mio.r2dbc.h2.client.SessionClient        &amp#27;[0;39m &amp#27;[2m:&amp#27;[0;39m Request:  CREATE INDEX IF NOT EXISTS idx_payments_transaction_id ON payments (transaction_id)
&amp#27;[2m2025-08-17T20:20:15.590+01:00&amp#27;[0;39m &amp#27;[32mDEBUG&amp#27;[0;39m &amp#27;[35m32373&amp#27;[0;39m &amp#27;[2m---&amp#27;[0;39m &amp#27;[2m[transferer] [       Thread-3]&amp#27;[0;39m &amp#27;[2m&amp#27;[0;39m&amp#27;[36mo.s.r2dbc.connection.init.ScriptUtils   &amp#27;[0;39m &amp#27;[2m:&amp#27;[0;39m 0 returned as update count for SQL: CREATE INDEX IF NOT EXISTS idx_payments_transaction_id ON payments (transaction_id)
&amp#27;[2m2025-08-17T20:20:15.590+01:00&amp#27;[0;39m &amp#27;[32mDEBUG&amp#27;[0;39m &amp#27;[35m32373&amp#27;[0;39m &amp#27;[2m---&amp#27;[0;39m &amp#27;[2m[transferer] [       Thread-3]&amp#27;[0;39m &amp#27;[2m&amp#27;[0;39m&amp#27;[36mio.r2dbc.h2.client.SessionClient        &amp#27;[0;39m &amp#27;[2m:&amp#27;[0;39m Request:  CREATE INDEX IF NOT EXISTS idx_payments_sender_account_id ON payments (sender_account_id)
&amp#27;[2m2025-08-17T20:20:15.590+01:00&amp#27;[0;39m &amp#27;[32mDEBUG&amp#27;[0;39m &amp#27;[35m32373&amp#27;[0;39m &amp#27;[2m---&amp#27;[0;39m &amp#27;[2m[transferer] [       Thread-3]&amp#27;[0;39m &amp#27;[2m&amp#27;[0;39m&amp#27;[36mo.s.r2dbc.connection.init.ScriptUtils   &amp#27;[0;39m &amp#27;[2m:&amp#27;[0;39m 0 returned as update count for SQL: CREATE INDEX IF NOT EXISTS idx_payments_sender_account_id ON payments (sender_account_id)
&amp#27;[2m2025-08-17T20:20:15.590+01:00&amp#27;[0;39m &amp#27;[32mDEBUG&amp#27;[0;39m &amp#27;[35m32373&amp#27;[0;39m &amp#27;[2m---&amp#27;[0;39m &amp#27;[2m[transferer] [       Thread-3]&amp#27;[0;39m &amp#27;[2m&amp#27;[0;39m&amp#27;[36mio.r2dbc.h2.client.SessionClient        &amp#27;[0;39m &amp#27;[2m:&amp#27;[0;39m Request:  CREATE INDEX IF NOT EXISTS idx_payments_recipient_account_id ON payments (recipient_account_id)
&amp#27;[2m2025-08-17T20:20:15.590+01:00&amp#27;[0;39m &amp#27;[32mDEBUG&amp#27;[0;39m &amp#27;[35m32373&amp#27;[0;39m &amp#27;[2m---&amp#27;[0;39m &amp#27;[2m[transferer] [       Thread-3]&amp#27;[0;39m &amp#27;[2m&amp#27;[0;39m&amp#27;[36mo.s.r2dbc.connection.init.ScriptUtils   &amp#27;[0;39m &amp#27;[2m:&amp#27;[0;39m 0 returned as update count for SQL: CREATE INDEX IF NOT EXISTS idx_payments_recipient_account_id ON payments (recipient_account_id)
&amp#27;[2m2025-08-17T20:20:15.590+01:00&amp#27;[0;39m &amp#27;[32mDEBUG&amp#27;[0;39m &amp#27;[35m32373&amp#27;[0;39m &amp#27;[2m---&amp#27;[0;39m &amp#27;[2m[transferer] [       Thread-3]&amp#27;[0;39m &amp#27;[2m&amp#27;[0;39m&amp#27;[36mio.r2dbc.h2.client.SessionClient        &amp#27;[0;39m &amp#27;[2m:&amp#27;[0;39m Request:  CREATE INDEX IF NOT EXISTS idx_payments_status ON payments (status)
&amp#27;[2m2025-08-17T20:20:15.591+01:00&amp#27;[0;39m &amp#27;[32mDEBUG&amp#27;[0;39m &amp#27;[35m32373&amp#27;[0;39m &amp#27;[2m---&amp#27;[0;39m &amp#27;[2m[transferer] [       Thread-3]&amp#27;[0;39m &amp#27;[2m&amp#27;[0;39m&amp#27;[36mo.s.r2dbc.connection.init.ScriptUtils   &amp#27;[0;39m &amp#27;[2m:&amp#27;[0;39m 0 returned as update count for SQL: CREATE INDEX IF NOT EXISTS idx_payments_status ON payments (status)
&amp#27;[2m2025-08-17T20:20:15.591+01:00&amp#27;[0;39m &amp#27;[32mDEBUG&amp#27;[0;39m &amp#27;[35m32373&amp#27;[0;39m &amp#27;[2m---&amp#27;[0;39m &amp#27;[2m[transferer] [       Thread-3]&amp#27;[0;39m &amp#27;[2m&amp#27;[0;39m&amp#27;[36mio.r2dbc.h2.client.SessionClient        &amp#27;[0;39m &amp#27;[2m:&amp#27;[0;39m Request:  CREATE INDEX IF NOT EXISTS idx_payments_current_step ON payments (current_step)
&amp#27;[2m2025-08-17T20:20:15.591+01:00&amp#27;[0;39m &amp#27;[32mDEBUG&amp#27;[0;39m &amp#27;[35m32373&amp#27;[0;39m &amp#27;[2m---&amp#27;[0;39m &amp#27;[2m[transferer] [       Thread-3]&amp#27;[0;39m &amp#27;[2m&amp#27;[0;39m&amp#27;[36mo.s.r2dbc.connection.init.ScriptUtils   &amp#27;[0;39m &amp#27;[2m:&amp#27;[0;39m 0 returned as update count for SQL: CREATE INDEX IF NOT EXISTS idx_payments_current_step ON payments (current_step)
&amp#27;[2m2025-08-17T20:20:15.591+01:00&amp#27;[0;39m &amp#27;[32mDEBUG&amp#27;[0;39m &amp#27;[35m32373&amp#27;[0;39m &amp#27;[2m---&amp#27;[0;39m &amp#27;[2m[transferer] [       Thread-3]&amp#27;[0;39m &amp#27;[2m&amp#27;[0;39m&amp#27;[36mio.r2dbc.h2.client.SessionClient        &amp#27;[0;39m &amp#27;[2m:&amp#27;[0;39m Request:  CREATE INDEX IF NOT EXISTS idx_payments_created_at ON payments (created_at)
&amp#27;[2m2025-08-17T20:20:15.591+01:00&amp#27;[0;39m &amp#27;[32mDEBUG&amp#27;[0;39m &amp#27;[35m32373&amp#27;[0;39m &amp#27;[2m---&amp#27;[0;39m &amp#27;[2m[transferer] [       Thread-3]&amp#27;[0;39m &amp#27;[2m&amp#27;[0;39m&amp#27;[36mo.s.r2dbc.connection.init.ScriptUtils   &amp#27;[0;39m &amp#27;[2m:&amp#27;[0;39m 0 returned as update count for SQL: CREATE INDEX IF NOT EXISTS idx_payments_created_at ON payments (created_at)
&amp#27;[2m2025-08-17T20:20:15.592+01:00&amp#27;[0;39m &amp#27;[32mDEBUG&amp#27;[0;39m &amp#27;[35m32373&amp#27;[0;39m &amp#27;[2m---&amp#27;[0;39m &amp#27;[2m[transferer] [       Thread-3]&amp#27;[0;39m &amp#27;[2m&amp#27;[0;39m&amp#27;[36mio.r2dbc.h2.client.SessionClient        &amp#27;[0;39m &amp#27;[2m:&amp#27;[0;39m Request:  CREATE TABLE IF NOT EXISTS outbox_events ( id BIGINT AUTO_INCREMENT PRIMARY KEY, event_id VARCHAR(255) UNIQUE NOT NULL, event_type VARCHAR(255) NOT NULL, aggregate_id VARCHAR(255) NOT NULL, event_data CLOB NOT NULL, occurred_at TIMESTAMP NOT NULL, processed_at TIMESTAMP NULL, created_at TIMESTAMP NOT NULL DEFAULT CURRENT_TIMESTAMP )
&amp#27;[2m2025-08-17T20:20:15.593+01:00&amp#27;[0;39m &amp#27;[32mDEBUG&amp#27;[0;39m &amp#27;[35m32373&amp#27;[0;39m &amp#27;[2m---&amp#27;[0;39m &amp#27;[2m[transferer] [       Thread-3]&amp#27;[0;39m &amp#27;[2m&amp#27;[0;39m&amp#27;[36mo.s.r2dbc.connection.init.ScriptUtils   &amp#27;[0;39m &amp#27;[2m:&amp#27;[0;39m 0 returned as update count for SQL: CREATE TABLE IF NOT EXISTS outbox_events ( id BIGINT AUTO_INCREMENT PRIMARY KEY, event_id VARCHAR(255) UNIQUE NOT NULL, event_type VARCHAR(255) NOT NULL, aggregate_id VARCHAR(255) NOT NULL, event_data CLOB NOT NULL, occurred_at TIMESTAMP NOT NULL, processed_at TIMESTAMP NULL, created_at TIMESTAMP NOT NULL DEFAULT CURRENT_TIMESTAMP )
&amp#27;[2m2025-08-17T20:20:15.593+01:00&amp#27;[0;39m &amp#27;[32mDEBUG&amp#27;[0;39m &amp#27;[35m32373&amp#27;[0;39m &amp#27;[2m---&amp#27;[0;39m &amp#27;[2m[transferer] [       Thread-3]&amp#27;[0;39m &amp#27;[2m&amp#27;[0;39m&amp#27;[36mio.r2dbc.h2.client.SessionClient        &amp#27;[0;39m &amp#27;[2m:&amp#27;[0;39m Request:  CREATE INDEX IF NOT EXISTS idx_outbox_events_processed_at ON outbox_events (processed_at)
&amp#27;[2m2025-08-17T20:20:15.593+01:00&amp#27;[0;39m &amp#27;[32mDEBUG&amp#27;[0;39m &amp#27;[35m32373&amp#27;[0;39m &amp#27;[2m---&amp#27;[0;39m &amp#27;[2m[transferer] [       Thread-3]&amp#27;[0;39m &amp#27;[2m&amp#27;[0;39m&amp#27;[36mo.s.r2dbc.connection.init.ScriptUtils   &amp#27;[0;39m &amp#27;[2m:&amp#27;[0;39m 0 returned as update count for SQL: CREATE INDEX IF NOT EXISTS idx_outbox_events_processed_at ON outbox_events (processed_at)
&amp#27;[2m2025-08-17T20:20:15.593+01:00&amp#27;[0;39m &amp#27;[32mDEBUG&amp#27;[0;39m &amp#27;[35m32373&amp#27;[0;39m &amp#27;[2m---&amp#27;[0;39m &amp#27;[2m[transferer] [       Thread-3]&amp#27;[0;39m &amp#27;[2m&amp#27;[0;39m&amp#27;[36mio.r2dbc.h2.client.SessionClient        &amp#27;[0;39m &amp#27;[2m:&amp#27;[0;39m Request:  CREATE INDEX IF NOT EXISTS idx_outbox_events_event_type ON outbox_events (event_type)
&amp#27;[2m2025-08-17T20:20:15.594+01:00&amp#27;[0;39m &amp#27;[32mDEBUG&amp#27;[0;39m &amp#27;[35m32373&amp#27;[0;39m &amp#27;[2m---&amp#27;[0;39m &amp#27;[2m[transferer] [       Thread-3]&amp#27;[0;39m &amp#27;[2m&amp#27;[0;39m&amp#27;[36mo.s.r2dbc.connection.init.ScriptUtils   &amp#27;[0;39m &amp#27;[2m:&amp#27;[0;39m 0 returned as update count for SQL: CREATE INDEX IF NOT EXISTS idx_outbox_events_event_type ON outbox_events (event_type)
&amp#27;[2m2025-08-17T20:20:15.594+01:00&amp#27;[0;39m &amp#27;[32mDEBUG&amp#27;[0;39m &amp#27;[35m32373&amp#27;[0;39m &amp#27;[2m---&amp#27;[0;39m &amp#27;[2m[transferer] [       Thread-3]&amp#27;[0;39m &amp#27;[2m&amp#27;[0;39m&amp#27;[36mio.r2dbc.h2.client.SessionClient        &amp#27;[0;39m &amp#27;[2m:&amp#27;[0;39m Request:  CREATE INDEX IF NOT EXISTS idx_outbox_events_occurred_at ON outbox_events (occurred_at)
&amp#27;[2m2025-08-17T20:20:15.594+01:00&amp#27;[0;39m &amp#27;[32mDEBUG&amp#27;[0;39m &amp#27;[35m32373&amp#27;[0;39m &amp#27;[2m---&amp#27;[0;39m &amp#27;[2m[transferer] [       Thread-3]&amp#27;[0;39m &amp#27;[2m&amp#27;[0;39m&amp#27;[36mo.s.r2dbc.connection.init.ScriptUtils   &amp#27;[0;39m &amp#27;[2m:&amp#27;[0;39m 0 returned as update count for SQL: CREATE INDEX IF NOT EXISTS idx_outbox_events_occurred_at ON outbox_events (occurred_at)
&amp#27;[2m2025-08-17T20:20:15.595+01:00&amp#27;[0;39m &amp#27;[32mDEBUG&amp#27;[0;39m &amp#27;[35m32373&amp#27;[0;39m &amp#27;[2m---&amp#27;[0;39m &amp#27;[2m[transferer] [       Thread-3]&amp#27;[0;39m &amp#27;[2m&amp#27;[0;39m&amp#27;[36mo.s.r2dbc.connection.init.ScriptUtils   &amp#27;[0;39m &amp#27;[2m:&amp#27;[0;39m Executed SQL script from class path resource [test-schema.sql] in 28 ms.
&amp#27;[2m2025-08-17T20:20:15.596+01:00&amp#27;[0;39m &amp#27;[32mDEBUG&amp#27;[0;39m &amp#27;[35m32373&amp#27;[0;39m &amp#27;[2m---&amp#27;[0;39m &amp#27;[2m[transferer] [       Thread-3]&amp#27;[0;39m &amp#27;[2m&amp#27;[0;39m&amp#27;[36mio.r2dbc.h2.client.SessionClient        &amp#27;[0;39m &amp#27;[2m:&amp#27;[0;39m Request:  SELECT CURRENT_TIMESTAMP
&amp#27;[2m2025-08-17T20:20:15.596+01:00&amp#27;[0;39m &amp#27;[32mDEBUG&amp#27;[0;39m &amp#27;[35m32373&amp#27;[0;39m &amp#27;[2m---&amp#27;[0;39m &amp#27;[2m[transferer] [       Thread-3]&amp#27;[0;39m &amp#27;[2m&amp#27;[0;39m&amp#27;[36mio.r2dbc.h2.client.SessionClient        &amp#27;[0;39m &amp#27;[2m:&amp#27;[0;39m Response: org.h2.result.LocalResult@7678157a columns: 1 rows: 1 pos: -1
&amp#27;[2m2025-08-17T20:20:15.602+01:00&amp#27;[0;39m &amp#27;[32m INFO&amp#27;[0;39m &amp#27;[35m32373&amp#27;[0;39m &amp#27;[2m---&amp#27;[0;39m &amp#27;[2m[transferer] [           main]&amp#27;[0;39m &amp#27;[2m&amp#27;[0;39m&amp#27;[36mc.t.payment.PaymentSagaIntegrationTest  &amp#27;[0;39m &amp#27;[2m:&amp#27;[0;39m Started PaymentSagaIntegrationTest in 0.666 seconds (process running for 0.994)

  .   ____          _            __ _ _
 /\\ / ___'_ __ _ _(_)_ __  __ _ \ \ \ \
( ( )\___ | '_ | '_| | '_ \/ _` | \ \ \ \
 \\/  ___)| |_)| | | | | || (_| |  ) ) ) )
  '  |____| .__|_| |_|_| |_\__, | / / / /
 =========|_|==============|___/=/_/_/_/
&amp#27;[32m :: Spring Boot :: &amp#27;[39m              &amp#27;[2m (v3.2.0)&amp#27;[0;39m

&amp#27;[2m2025-08-17T20:20:15.622+01:00&amp#27;[0;39m &amp#27;[32m INFO&amp#27;[0;39m &amp#27;[35m32373&amp#27;[0;39m &amp#27;[2m---&amp#27;[0;39m &amp#27;[2m[transferer] [           main]&amp#27;[0;39m &amp#27;[2m&amp#27;[0;39m&amp#27;[36mc.t.payment.PaymentSagaIntegrationTest  &amp#27;[0;39m &amp#27;[2m:&amp#27;[0;39m Starting PaymentSagaIntegrationTest using Java 24.0.2 with PID 32373 (started by bendrawer in /Users/bendrawer/transferer)
&amp#27;[2m2025-08-17T20:20:15.622+01:00&amp#27;[0;39m &amp#27;[32mDEBUG&amp#27;[0;39m &amp#27;[35m32373&amp#27;[0;39m &amp#27;[2m---&amp#27;[0;39m &amp#27;[2m[transferer] [           main]&amp#27;[0;39m &amp#27;[2m&amp#27;[0;39m&amp#27;[36mc.t.payment.PaymentSagaIntegrationTest  &amp#27;[0;39m &amp#27;[2m:&amp#27;[0;39m Running with Spring Boot v3.2.0, Spring v6.1.1
&amp#27;[2m2025-08-17T20:20:15.622+01:00&amp#27;[0;39m &amp#27;[32m INFO&amp#27;[0;39m &amp#27;[35m32373&amp#27;[0;39m &amp#27;[2m---&amp#27;[0;39m &amp#27;[2m[transferer] [           main]&amp#27;[0;39m &amp#27;[2m&amp#27;[0;39m&amp#27;[36mc.t.payment.PaymentSagaIntegrationTest  &amp#27;[0;39m &amp#27;[2m:&amp#27;[0;39m The following 1 profile is active: "test"
&amp#27;[2m2025-08-17T20:20:15.651+01:00&amp#27;[0;39m &amp#27;[32m INFO&amp#27;[0;39m &amp#27;[35m32373&amp#27;[0;39m &amp#27;[2m---&amp#27;[0;39m &amp#27;[2m[transferer] [           main]&amp#27;[0;39m &amp#27;[2m&amp#27;[0;39m&amp#27;[36m.s.d.r.c.RepositoryConfigurationDelegate&amp#27;[0;39m &amp#27;[2m:&amp#27;[0;39m Bootstrapping Spring Data R2DBC repositories in DEFAULT mode.
&amp#27;[2m2025-08-17T20:20:15.657+01:00&amp#27;[0;39m &amp#27;[32m INFO&amp#27;[0;39m &amp#27;[35m32373&amp#27;[0;39m &amp#27;[2m---&amp#27;[0;39m &amp#27;[2m[transferer] [           main]&amp#27;[0;39m &amp#27;[2m&amp#27;[0;39m&amp#27;[36m.s.d.r.c.RepositoryConfigurationDelegate&amp#27;[0;39m &amp#27;[2m:&amp#27;[0;39m Finished Spring Data repository scanning in 5 ms. Found 4 R2DBC repository interfaces.
&amp#27;[2m2025-08-17T20:20:15.696+01:00&amp#27;[0;39m &amp#27;[32mDEBUG&amp#27;[0;39m &amp#27;[35m32373&amp#27;[0;39m &amp#27;[2m---&amp#27;[0;39m &amp#27;[2m[transferer] [           main]&amp#27;[0;39m &amp#27;[2m&amp#27;[0;39m&amp#27;[36mc.t.shared.outbox.OutboxEventBus        &amp#27;[0;39m &amp#27;[2m:&amp#27;[0;39m Subscribed handler to event class: PaymentStepAdvancedEvent
&amp#27;[2m2025-08-17T20:20:15.696+01:00&amp#27;[0;39m &amp#27;[32mDEBUG&amp#27;[0;39m &amp#27;[35m32373&amp#27;[0;39m &amp#27;[2m---&amp#27;[0;39m &amp#27;[2m[transferer] [           main]&amp#27;[0;39m &amp#27;[2m&amp#27;[0;39m&amp#27;[36mc.t.shared.outbox.OutboxEventBus        &amp#27;[0;39m &amp#27;[2m:&amp#27;[0;39m Subscribed handler to event class: TransactionCreatedEvent
&amp#27;[2m2025-08-17T20:20:15.696+01:00&amp#27;[0;39m &amp#27;[32mDEBUG&amp#27;[0;39m &amp#27;[35m32373&amp#27;[0;39m &amp#27;[2m---&amp#27;[0;39m &amp#27;[2m[transferer] [           main]&amp#27;[0;39m &amp#27;[2m&amp#27;[0;39m&amp#27;[36mc.t.shared.outbox.OutboxEventBus        &amp#27;[0;39m &amp#27;[2m:&amp#27;[0;39m Subscribed handler to event class: AccountDebitedEvent
&amp#27;[2m2025-08-17T20:20:15.696+01:00&amp#27;[0;39m &amp#27;[32mDEBUG&amp#27;[0;39m &amp#27;[35m32373&amp#27;[0;39m &amp#27;[2m---&amp#27;[0;39m &amp#27;[2m[transferer] [           main]&amp#27;[0;39m &amp#27;[2m&amp#27;[0;39m&amp#27;[36mc.t.shared.outbox.OutboxEventBus        &amp#27;[0;39m &amp#27;[2m:&amp#27;[0;39m Subscribed handler to event class: AccountCreditedEvent
&amp#27;[2m2025-08-17T20:20:15.696+01:00&amp#27;[0;39m &amp#27;[32mDEBUG&amp#27;[0;39m &amp#27;[35m32373&amp#27;[0;39m &amp#27;[2m---&amp#27;[0;39m &amp#27;[2m[transferer] [           main]&amp#27;[0;39m &amp#27;[2m&amp#27;[0;39m&amp#27;[36mc.t.shared.outbox.OutboxEventBus        &amp#27;[0;39m &amp#27;[2m:&amp#27;[0;39m Subscribed handler to event class: TransactionCompletedEvent
&amp#27;[2m2025-08-17T20:20:15.696+01:00&amp#27;[0;39m &amp#27;[32mDEBUG&amp#27;[0;39m &amp#27;[35m32373&amp#27;[0;39m &amp#27;[2m---&amp#27;[0;39m &amp#27;[2m[transferer] [           main]&amp#27;[0;39m &amp#27;[2m&amp#27;[0;39m&amp#27;[36mc.t.shared.outbox.OutboxEventBus        &amp#27;[0;39m &amp#27;[2m:&amp#27;[0;39m Subscribed handler to event class: PaymentFailedEvent
&amp#27;[2m2025-08-17T20:20:15.699+01:00&amp#27;[0;39m &amp#27;[32mDEBUG&amp#27;[0;39m &amp#27;[35m32373&amp#27;[0;39m &amp#27;[2m---&amp#27;[0;39m &amp#27;[2m[transferer] [       single-1]&amp#27;[0;39m &amp#27;[2m&amp#27;[0;39m&amp#27;[36mio.r2dbc.h2.client.SessionClient        &amp#27;[0;39m &amp#27;[2m:&amp#27;[0;39m Request:  CALL H2VERSION()
&amp#27;[2m2025-08-17T20:20:15.699+01:00&amp#27;[0;39m &amp#27;[32mDEBUG&amp#27;[0;39m &amp#27;[35m32373&amp#27;[0;39m &amp#27;[2m---&amp#27;[0;39m &amp#27;[2m[transferer] [       single-1]&amp#27;[0;39m &amp#27;[2m&amp#27;[0;39m&amp#27;[36mio.r2dbc.h2.client.SessionClient        &amp#27;[0;39m &amp#27;[2m:&amp#27;[0;39m Response: org.h2.result.LocalResult@3684a393 columns: 1 rows: 1 pos: -1
&amp#27;[2m2025-08-17T20:20:15.700+01:00&amp#27;[0;39m &amp#27;[32mDEBUG&amp#27;[0;39m &amp#27;[35m32373&amp#27;[0;39m &amp#27;[2m---&amp#27;[0;39m &amp#27;[2m[transferer] [       single-1]&amp#27;[0;39m &amp#27;[2m&amp#27;[0;39m&amp#27;[36mio.r2dbc.h2.client.SessionClient        &amp#27;[0;39m &amp#27;[2m:&amp#27;[0;39m Request:  SELECT 1
&amp#27;[2m2025-08-17T20:20:15.700+01:00&amp#27;[0;39m &amp#27;[32mDEBUG&amp#27;[0;39m &amp#27;[35m32373&amp#27;[0;39m &amp#27;[2m---&amp#27;[0;39m &amp#27;[2m[transferer] [       single-1]&amp#27;[0;39m &amp#27;[2m&amp#27;[0;39m&amp#27;[36mio.r2dbc.h2.client.SessionClient        &amp#27;[0;39m &amp#27;[2m:&amp#27;[0;39m Response: org.h2.result.LocalResult@3e832f46 columns: 1 rows: 1 pos: -1
&amp#27;[2m2025-08-17T20:20:15.700+01:00&amp#27;[0;39m &amp#27;[32mDEBUG&amp#27;[0;39m &amp#27;[35m32373&amp#27;[0;39m &amp#27;[2m---&amp#27;[0;39m &amp#27;[2m[transferer] [       single-1]&amp#27;[0;39m &amp#27;[2m&amp#27;[0;39m&amp#27;[36mo.s.r2dbc.connection.init.ScriptUtils   &amp#27;[0;39m &amp#27;[2m:&amp#27;[0;39m Executing SQL script from class path resource [test-schema.sql]
&amp#27;[2m2025-08-17T20:20:15.700+01:00&amp#27;[0;39m &amp#27;[32mDEBUG&amp#27;[0;39m &amp#27;[35m32373&amp#27;[0;39m &amp#27;[2m---&amp#27;[0;39m &amp#27;[2m[transferer] [       single-1]&amp#27;[0;39m &amp#27;[2m&amp#27;[0;39m&amp#27;[36mio.r2dbc.h2.client.SessionClient        &amp#27;[0;39m &amp#27;[2m:&amp#27;[0;39m Request:  CALL H2VERSION()
&amp#27;[2m2025-08-17T20:20:15.700+01:00&amp#27;[0;39m &amp#27;[32mDEBUG&amp#27;[0;39m &amp#27;[35m32373&amp#27;[0;39m &amp#27;[2m---&amp#27;[0;39m &amp#27;[2m[transferer] [       single-1]&amp#27;[0;39m &amp#27;[2m&amp#27;[0;39m&amp#27;[36mio.r2dbc.h2.client.SessionClient        &amp#27;[0;39m &amp#27;[2m:&amp#27;[0;39m Response: org.h2.result.LocalResult@1fb9bead columns: 1 rows: 1 pos: -1
&amp#27;[2m2025-08-17T20:20:15.701+01:00&amp#27;[0;39m &amp#27;[32mDEBUG&amp#27;[0;39m &amp#27;[35m32373&amp#27;[0;39m &amp#27;[2m---&amp#27;[0;39m &amp#27;[2m[transferer] [       single-1]&amp#27;[0;39m &amp#27;[2m&amp#27;[0;39m&amp#27;[36mio.r2dbc.h2.client.SessionClient        &amp#27;[0;39m &amp#27;[2m:&amp#27;[0;39m Request:  CALL H2VERSION()
&amp#27;[2m2025-08-17T20:20:15.701+01:00&amp#27;[0;39m &amp#27;[32mDEBUG&amp#27;[0;39m &amp#27;[35m32373&amp#27;[0;39m &amp#27;[2m---&amp#27;[0;39m &amp#27;[2m[transferer] [       single-1]&amp#27;[0;39m &amp#27;[2m&amp#27;[0;39m&amp#27;[36mio.r2dbc.h2.client.SessionClient        &amp#27;[0;39m &amp#27;[2m:&amp#27;[0;39m Response: org.h2.result.LocalResult@c320ef2 columns: 1 rows: 1 pos: -1
&amp#27;[2m2025-08-17T20:20:15.701+01:00&amp#27;[0;39m &amp#27;[32mDEBUG&amp#27;[0;39m &amp#27;[35m32373&amp#27;[0;39m &amp#27;[2m---&amp#27;[0;39m &amp#27;[2m[transferer] [       Thread-2]&amp#27;[0;39m &amp#27;[2m&amp#27;[0;39m&amp#27;[36mio.r2dbc.h2.client.SessionClient        &amp#27;[0;39m &amp#27;[2m:&amp#27;[0;39m Request:  CREATE TABLE IF NOT EXISTS accounts ( id VARCHAR(255) PRIMARY KEY, account_number VARCHAR(20) UNIQUE NOT NULL, holder_name VARCHAR(255) NOT NULL, balance DECIMAL(19,2) NOT NULL DEFAULT 0.00, status VARCHAR(20) NOT NULL DEFAULT 'ACTIVE', created_at TIMESTAMP NOT NULL DEFAULT CURRENT_TIMESTAMP, updated_at TIMESTAMP NOT NULL DEFAULT CURRENT_TIMESTAMP )
&amp#27;[2m2025-08-17T20:20:15.701+01:00&amp#27;[0;39m &amp#27;[32mDEBUG&amp#27;[0;39m &amp#27;[35m32373&amp#27;[0;39m &amp#27;[2m---&amp#27;[0;39m &amp#27;[2m[transferer] [       single-1]&amp#27;[0;39m &amp#27;[2m&amp#27;[0;39m&amp#27;[36mio.r2dbc.h2.client.SessionClient        &amp#27;[0;39m &amp#27;[2m:&amp#27;[0;39m Request:  CALL H2VERSION()
&amp#27;[2m2025-08-17T20:20:15.701+01:00&amp#27;[0;39m &amp#27;[32mDEBUG&amp#27;[0;39m &amp#27;[35m32373&amp#27;[0;39m &amp#27;[2m---&amp#27;[0;39m &amp#27;[2m[transferer] [       single-1]&amp#27;[0;39m &amp#27;[2m&amp#27;[0;39m&amp#27;[36mio.r2dbc.h2.client.SessionClient        &amp#27;[0;39m &amp#27;[2m:&amp#27;[0;39m Response: org.h2.result.LocalResult@2184475 columns: 1 rows: 1 pos: -1
&amp#27;[2m2025-08-17T20:20:15.701+01:00&amp#27;[0;39m &amp#27;[32mDEBUG&amp#27;[0;39m &amp#27;[35m32373&amp#27;[0;39m &amp#27;[2m---&amp#27;[0;39m &amp#27;[2m[transferer] [       Thread-2]&amp#27;[0;39m &amp#27;[2m&amp#27;[0;39m&amp#27;[36mo.s.r2dbc.connection.init.ScriptUtils   &amp#27;[0;39m &amp#27;[2m:&amp#27;[0;39m 0 returned as update count for SQL: CREATE TABLE IF NOT EXISTS accounts ( id VARCHAR(255) PRIMARY KEY, account_number VARCHAR(20) UNIQUE NOT NULL, holder_name VARCHAR(255) NOT NULL, balance DECIMAL(19,2) NOT NULL DEFAULT 0.00, status VARCHAR(20) NOT NULL DEFAULT 'ACTIVE', created_at TIMESTAMP NOT NULL DEFAULT CURRENT_TIMESTAMP, updated_at TIMESTAMP NOT NULL DEFAULT CURRENT_TIMESTAMP )
&amp#27;[2m2025-08-17T20:20:15.701+01:00&amp#27;[0;39m &amp#27;[32mDEBUG&amp#27;[0;39m &amp#27;[35m32373&amp#27;[0;39m &amp#27;[2m---&amp#27;[0;39m &amp#27;[2m[transferer] [       Thread-2]&amp#27;[0;39m &amp#27;[2m&amp#27;[0;39m&amp#27;[36mio.r2dbc.h2.client.SessionClient        &amp#27;[0;39m &amp#27;[2m:&amp#27;[0;39m Request:  CREATE INDEX IF NOT EXISTS idx_accounts_account_number ON accounts (account_number)
&amp#27;[2m2025-08-17T20:20:15.701+01:00&amp#27;[0;39m &amp#27;[32mDEBUG&amp#27;[0;39m &amp#27;[35m32373&amp#27;[0;39m &amp#27;[2m---&amp#27;[0;39m &amp#27;[2m[transferer] [       Thread-2]&amp#27;[0;39m &amp#27;[2m&amp#27;[0;39m&amp#27;[36mo.s.r2dbc.connection.init.ScriptUtils   &amp#27;[0;39m &amp#27;[2m:&amp#27;[0;39m 0 returned as update count for SQL: CREATE INDEX IF NOT EXISTS idx_accounts_account_number ON accounts (account_number)
&amp#27;[2m2025-08-17T20:20:15.701+01:00&amp#27;[0;39m &amp#27;[32mDEBUG&amp#27;[0;39m &amp#27;[35m32373&amp#27;[0;39m &amp#27;[2m---&amp#27;[0;39m &amp#27;[2m[transferer] [       single-1]&amp#27;[0;39m &amp#27;[2m&amp#27;[0;39m&amp#27;[36mio.r2dbc.h2.client.SessionClient        &amp#27;[0;39m &amp#27;[2m:&amp#27;[0;39m Request:  CALL H2VERSION()
&amp#27;[2m2025-08-17T20:20:15.701+01:00&amp#27;[0;39m &amp#27;[32mDEBUG&amp#27;[0;39m &amp#27;[35m32373&amp#27;[0;39m &amp#27;[2m---&amp#27;[0;39m &amp#27;[2m[transferer] [       Thread-2]&amp#27;[0;39m &amp#27;[2m&amp#27;[0;39m&amp#27;[36mio.r2dbc.h2.client.SessionClient        &amp#27;[0;39m &amp#27;[2m:&amp#27;[0;39m Request:  CREATE INDEX IF NOT EXISTS idx_accounts_status ON accounts (status)
&amp#27;[2m2025-08-17T20:20:15.701+01:00&amp#27;[0;39m &amp#27;[32mDEBUG&amp#27;[0;39m &amp#27;[35m32373&amp#27;[0;39m &amp#27;[2m---&amp#27;[0;39m &amp#27;[2m[transferer] [       single-1]&amp#27;[0;39m &amp#27;[2m&amp#27;[0;39m&amp#27;[36mio.r2dbc.h2.client.SessionClient        &amp#27;[0;39m &amp#27;[2m:&amp#27;[0;39m Response: org.h2.result.LocalResult@2546b26f columns: 1 rows: 1 pos: -1
&amp#27;[2m2025-08-17T20:20:15.701+01:00&amp#27;[0;39m &amp#27;[32mDEBUG&amp#27;[0;39m &amp#27;[35m32373&amp#27;[0;39m &amp#27;[2m---&amp#27;[0;39m &amp#27;[2m[transferer] [       Thread-2]&amp#27;[0;39m &amp#27;[2m&amp#27;[0;39m&amp#27;[36mo.s.r2dbc.connection.init.ScriptUtils   &amp#27;[0;39m &amp#27;[2m:&amp#27;[0;39m 0 returned as update count for SQL: CREATE INDEX IF NOT EXISTS idx_accounts_status ON accounts (status)
&amp#27;[2m2025-08-17T20:20:15.702+01:00&amp#27;[0;39m &amp#27;[32mDEBUG&amp#27;[0;39m &amp#27;[35m32373&amp#27;[0;39m &amp#27;[2m---&amp#27;[0;39m &amp#27;[2m[transferer] [       Thread-2]&amp#27;[0;39m &amp#27;[2m&amp#27;[0;39m&amp#27;[36mio.r2dbc.h2.client.SessionClient        &amp#27;[0;39m &amp#27;[2m:&amp#27;[0;39m Request:  CREATE TABLE IF NOT EXISTS transactions ( id VARCHAR(255) PRIMARY KEY, sender_account_id VARCHAR(255) NOT NULL, recipient_account_id VARCHAR(255) NOT NULL, amount DECIMAL(19,2) NOT NULL, status VARCHAR(20) NOT NULL DEFAULT 'PENDING', description TEXT, created_at TIMESTAMP NOT NULL DEFAULT CURRENT_TIMESTAMP, updated_at TIMESTAMP NOT NULL DEFAULT CURRENT_TIMESTAMP, completed_at TIMESTAMP NULL, CONSTRAINT fk_transactions_sender FOREIGN KEY (sender_account_id) REFERENCES accounts(id), CONSTRAINT fk_transactions_recipient FOREIGN KEY (recipient_account_id) REFERENCES accounts(id), CONSTRAINT chk_transactions_amount_positive CHECK (amount > 0), CONSTRAINT chk_transactions_different_accounts CHECK (sender_account_id != recipient_account_id) )
&amp#27;[2m2025-08-17T20:20:15.702+01:00&amp#27;[0;39m &amp#27;[32mDEBUG&amp#27;[0;39m &amp#27;[35m32373&amp#27;[0;39m &amp#27;[2m---&amp#27;[0;39m &amp#27;[2m[transferer] [       single-1]&amp#27;[0;39m &amp#27;[2m&amp#27;[0;39m&amp#27;[36mio.r2dbc.h2.client.SessionClient        &amp#27;[0;39m &amp#27;[2m:&amp#27;[0;39m Request:  CALL H2VERSION()
&amp#27;[2m2025-08-17T20:20:15.702+01:00&amp#27;[0;39m &amp#27;[32mDEBUG&amp#27;[0;39m &amp#27;[35m32373&amp#27;[0;39m &amp#27;[2m---&amp#27;[0;39m &amp#27;[2m[transferer] [       single-1]&amp#27;[0;39m &amp#27;[2m&amp#27;[0;39m&amp#27;[36mio.r2dbc.h2.client.SessionClient        &amp#27;[0;39m &amp#27;[2m:&amp#27;[0;39m Response: org.h2.result.LocalResult@77582cbc columns: 1 rows: 1 pos: -1
&amp#27;[2m2025-08-17T20:20:15.702+01:00&amp#27;[0;39m &amp#27;[32mDEBUG&amp#27;[0;39m &amp#27;[35m32373&amp#27;[0;39m &amp#27;[2m---&amp#27;[0;39m &amp#27;[2m[transferer] [       Thread-2]&amp#27;[0;39m &amp#27;[2m&amp#27;[0;39m&amp#27;[36mo.s.r2dbc.connection.init.ScriptUtils   &amp#27;[0;39m &amp#27;[2m:&amp#27;[0;39m 0 returned as update count for SQL: CREATE TABLE IF NOT EXISTS transactions ( id VARCHAR(255) PRIMARY KEY, sender_account_id VARCHAR(255) NOT NULL, recipient_account_id VARCHAR(255) NOT NULL, amount DECIMAL(19,2) NOT NULL, status VARCHAR(20) NOT NULL DEFAULT 'PENDING', description TEXT, created_at TIMESTAMP NOT NULL DEFAULT CURRENT_TIMESTAMP, updated_at TIMESTAMP NOT NULL DEFAULT CURRENT_TIMESTAMP, completed_at TIMESTAMP NULL, CONSTRAINT fk_transactions_sender FOREIGN KEY (sender_account_id) REFERENCES accounts(id), CONSTRAINT fk_transactions_recipient FOREIGN KEY (recipient_account_id) REFERENCES accounts(id), CONSTRAINT chk_transactions_amount_positive CHECK (amount > 0), CONSTRAINT chk_transactions_different_accounts CHECK (sender_account_id != recipient_account_id) )
&amp#27;[2m2025-08-17T20:20:15.702+01:00&amp#27;[0;39m &amp#27;[32mDEBUG&amp#27;[0;39m &amp#27;[35m32373&amp#27;[0;39m &amp#27;[2m---&amp#27;[0;39m &amp#27;[2m[transferer] [       Thread-2]&amp#27;[0;39m &amp#27;[2m&amp#27;[0;39m&amp#27;[36mio.r2dbc.h2.client.SessionClient        &amp#27;[0;39m &amp#27;[2m:&amp#27;[0;39m Request:  CREATE INDEX IF NOT EXISTS idx_transactions_sender_account_id ON transactions (sender_account_id)
&amp#27;[2m2025-08-17T20:20:15.702+01:00&amp#27;[0;39m &amp#27;[32mDEBUG&amp#27;[0;39m &amp#27;[35m32373&amp#27;[0;39m &amp#27;[2m---&amp#27;[0;39m &amp#27;[2m[transferer] [       single-1]&amp#27;[0;39m &amp#27;[2m&amp#27;[0;39m&amp#27;[36mio.r2dbc.h2.client.SessionClient        &amp#27;[0;39m &amp#27;[2m:&amp#27;[0;39m Request:  CALL H2VERSION()
&amp#27;[2m2025-08-17T20:20:15.702+01:00&amp#27;[0;39m &amp#27;[32mDEBUG&amp#27;[0;39m &amp#27;[35m32373&amp#27;[0;39m &amp#27;[2m---&amp#27;[0;39m &amp#27;[2m[transferer] [       single-1]&amp#27;[0;39m &amp#27;[2m&amp#27;[0;39m&amp#27;[36mio.r2dbc.h2.client.SessionClient        &amp#27;[0;39m &amp#27;[2m:&amp#27;[0;39m Response: org.h2.result.LocalResult@6b01f93b columns: 1 rows: 1 pos: -1
&amp#27;[2m2025-08-17T20:20:15.702+01:00&amp#27;[0;39m &amp#27;[32mDEBUG&amp#27;[0;39m &amp#27;[35m32373&amp#27;[0;39m &amp#27;[2m---&amp#27;[0;39m &amp#27;[2m[transferer] [       Thread-2]&amp#27;[0;39m &amp#27;[2m&amp#27;[0;39m&amp#27;[36mo.s.r2dbc.connection.init.ScriptUtils   &amp#27;[0;39m &amp#27;[2m:&amp#27;[0;39m 0 returned as update count for SQL: CREATE INDEX IF NOT EXISTS idx_transactions_sender_account_id ON transactions (sender_account_id)
&amp#27;[2m2025-08-17T20:20:15.702+01:00&amp#27;[0;39m &amp#27;[32mDEBUG&amp#27;[0;39m &amp#27;[35m32373&amp#27;[0;39m &amp#27;[2m---&amp#27;[0;39m &amp#27;[2m[transferer] [       Thread-2]&amp#27;[0;39m &amp#27;[2m&amp#27;[0;39m&amp#27;[36mio.r2dbc.h2.client.SessionClient        &amp#27;[0;39m &amp#27;[2m:&amp#27;[0;39m Request:  CREATE INDEX IF NOT EXISTS idx_transactions_recipient_account_id ON transactions (recipient_account_id)
&amp#27;[2m2025-08-17T20:20:15.702+01:00&amp#27;[0;39m &amp#27;[32mDEBUG&amp#27;[0;39m &amp#27;[35m32373&amp#27;[0;39m &amp#27;[2m---&amp#27;[0;39m &amp#27;[2m[transferer] [       single-1]&amp#27;[0;39m &amp#27;[2m&amp#27;[0;39m&amp#27;[36mio.r2dbc.h2.client.SessionClient        &amp#27;[0;39m &amp#27;[2m:&amp#27;[0;39m Request:  CALL H2VERSION()
&amp#27;[2m2025-08-17T20:20:15.702+01:00&amp#27;[0;39m &amp#27;[32mDEBUG&amp#27;[0;39m &amp#27;[35m32373&amp#27;[0;39m &amp#27;[2m---&amp#27;[0;39m &amp#27;[2m[transferer] [       Thread-2]&amp#27;[0;39m &amp#27;[2m&amp#27;[0;39m&amp#27;[36mo.s.r2dbc.connection.init.ScriptUtils   &amp#27;[0;39m &amp#27;[2m:&amp#27;[0;39m 0 returned as update count for SQL: CREATE INDEX IF NOT EXISTS idx_transactions_recipient_account_id ON transactions (recipient_account_id)
&amp#27;[2m2025-08-17T20:20:15.702+01:00&amp#27;[0;39m &amp#27;[32mDEBUG&amp#27;[0;39m &amp#27;[35m32373&amp#27;[0;39m &amp#27;[2m---&amp#27;[0;39m &amp#27;[2m[transferer] [       single-1]&amp#27;[0;39m &amp#27;[2m&amp#27;[0;39m&amp#27;[36mio.r2dbc.h2.client.SessionClient        &amp#27;[0;39m &amp#27;[2m:&amp#27;[0;39m Response: org.h2.result.LocalResult@2b7a23c2 columns: 1 rows: 1 pos: -1
&amp#27;[2m2025-08-17T20:20:15.702+01:00&amp#27;[0;39m &amp#27;[32mDEBUG&amp#27;[0;39m &amp#27;[35m32373&amp#27;[0;39m &amp#27;[2m---&amp#27;[0;39m &amp#27;[2m[transferer] [       Thread-2]&amp#27;[0;39m &amp#27;[2m&amp#27;[0;39m&amp#27;[36mio.r2dbc.h2.client.SessionClient        &amp#27;[0;39m &amp#27;[2m:&amp#27;[0;39m Request:  CREATE INDEX IF NOT EXISTS idx_transactions_status ON transactions (status)
&amp#27;[2m2025-08-17T20:20:15.702+01:00&amp#27;[0;39m &amp#27;[32mDEBUG&amp#27;[0;39m &amp#27;[35m32373&amp#27;[0;39m &amp#27;[2m---&amp#27;[0;39m &amp#27;[2m[transferer] [       Thread-2]&amp#27;[0;39m &amp#27;[2m&amp#27;[0;39m&amp#27;[36mo.s.r2dbc.connection.init.ScriptUtils   &amp#27;[0;39m &amp#27;[2m:&amp#27;[0;39m 0 returned as update count for SQL: CREATE INDEX IF NOT EXISTS idx_transactions_status ON transactions (status)
&amp#27;[2m2025-08-17T20:20:15.703+01:00&amp#27;[0;39m &amp#27;[32mDEBUG&amp#27;[0;39m &amp#27;[35m32373&amp#27;[0;39m &amp#27;[2m---&amp#27;[0;39m &amp#27;[2m[transferer] [       single-1]&amp#27;[0;39m &amp#27;[2m&amp#27;[0;39m&amp#27;[36mio.r2dbc.h2.client.SessionClient        &amp#27;[0;39m &amp#27;[2m:&amp#27;[0;39m Request:  CALL H2VERSION()
&amp#27;[2m2025-08-17T20:20:15.703+01:00&amp#27;[0;39m &amp#27;[32mDEBUG&amp#27;[0;39m &amp#27;[35m32373&amp#27;[0;39m &amp#27;[2m---&amp#27;[0;39m &amp#27;[2m[transferer] [       Thread-2]&amp#27;[0;39m &amp#27;[2m&amp#27;[0;39m&amp#27;[36mio.r2dbc.h2.client.SessionClient        &amp#27;[0;39m &amp#27;[2m:&amp#27;[0;39m Request:  CREATE INDEX IF NOT EXISTS idx_transactions_created_at ON transactions (created_at)
&amp#27;[2m2025-08-17T20:20:15.703+01:00&amp#27;[0;39m &amp#27;[32mDEBUG&amp#27;[0;39m &amp#27;[35m32373&amp#27;[0;39m &amp#27;[2m---&amp#27;[0;39m &amp#27;[2m[transferer] [       single-1]&amp#27;[0;39m &amp#27;[2m&amp#27;[0;39m&amp#27;[36mio.r2dbc.h2.client.SessionClient        &amp#27;[0;39m &amp#27;[2m:&amp#27;[0;39m Response: org.h2.result.LocalResult@3bbf3908 columns: 1 rows: 1 pos: -1
&amp#27;[2m2025-08-17T20:20:15.703+01:00&amp#27;[0;39m &amp#27;[32mDEBUG&amp#27;[0;39m &amp#27;[35m32373&amp#27;[0;39m &amp#27;[2m---&amp#27;[0;39m &amp#27;[2m[transferer] [       Thread-2]&amp#27;[0;39m &amp#27;[2m&amp#27;[0;39m&amp#27;[36mo.s.r2dbc.connection.init.ScriptUtils   &amp#27;[0;39m &amp#27;[2m:&amp#27;[0;39m 0 returned as update count for SQL: CREATE INDEX IF NOT EXISTS idx_transactions_created_at ON transactions (created_at)
&amp#27;[2m2025-08-17T20:20:15.703+01:00&amp#27;[0;39m &amp#27;[32mDEBUG&amp#27;[0;39m &amp#27;[35m32373&amp#27;[0;39m &amp#27;[2m---&amp#27;[0;39m &amp#27;[2m[transferer] [       Thread-2]&amp#27;[0;39m &amp#27;[2m&amp#27;[0;39m&amp#27;[36mio.r2dbc.h2.client.SessionClient        &amp#27;[0;39m &amp#27;[2m:&amp#27;[0;39m Request:  CREATE TABLE IF NOT EXISTS payments ( id VARCHAR(255) PRIMARY KEY, transaction_id VARCHAR(255), sender_account_id VARCHAR(255) NOT NULL, recipient_account_id VARCHAR(255) NOT NULL, amount DECIMAL(19,2) NOT NULL, description TEXT, status VARCHAR(20) NOT NULL DEFAULT 'PENDING', current_step VARCHAR(50) NOT NULL DEFAULT 'INITIATED', failure_reason TEXT, created_at TIMESTAMP NOT NULL DEFAULT CURRENT_TIMESTAMP, updated_at TIMESTAMP NOT NULL DEFAULT CURRENT_TIMESTAMP, completed_at TIMESTAMP NULL, CONSTRAINT fk_payments_transaction FOREIGN KEY (transaction_id) REFERENCES transactions(id), CONSTRAINT fk_payments_sender FOREIGN KEY (sender_account_id) REFERENCES accounts(id), CONSTRAINT fk_payments_recipient FOREIGN KEY (recipient_account_id) REFERENCES accounts(id), CONSTRAINT chk_payments_amount_positive CHECK (amount > 0), CONSTRAINT chk_payments_different_accounts CHECK (sender_account_id != recipient_account_id) )
&amp#27;[2m2025-08-17T20:20:15.703+01:00&amp#27;[0;39m &amp#27;[32mDEBUG&amp#27;[0;39m &amp#27;[35m32373&amp#27;[0;39m &amp#27;[2m---&amp#27;[0;39m &amp#27;[2m[transferer] [       single-1]&amp#27;[0;39m &amp#27;[2m&amp#27;[0;39m&amp#27;[36mio.r2dbc.h2.client.SessionClient        &amp#27;[0;39m &amp#27;[2m:&amp#27;[0;39m Request:  CALL H2VERSION()
&amp#27;[2m2025-08-17T20:20:15.703+01:00&amp#27;[0;39m &amp#27;[32mDEBUG&amp#27;[0;39m &amp#27;[35m32373&amp#27;[0;39m &amp#27;[2m---&amp#27;[0;39m &amp#27;[2m[transferer] [       single-1]&amp#27;[0;39m &amp#27;[2m&amp#27;[0;39m&amp#27;[36mio.r2dbc.h2.client.SessionClient        &amp#27;[0;39m &amp#27;[2m:&amp#27;[0;39m Response: org.h2.result.LocalResult@d34cf0f columns: 1 rows: 1 pos: -1
&amp#27;[2m2025-08-17T20:20:15.703+01:00&amp#27;[0;39m &amp#27;[32mDEBUG&amp#27;[0;39m &amp#27;[35m32373&amp#27;[0;39m &amp#27;[2m---&amp#27;[0;39m &amp#27;[2m[transferer] [       Thread-2]&amp#27;[0;39m &amp#27;[2m&amp#27;[0;39m&amp#27;[36mo.s.r2dbc.connection.init.ScriptUtils   &amp#27;[0;39m &amp#27;[2m:&amp#27;[0;39m 0 returned as update count for SQL: CREATE TABLE IF NOT EXISTS payments ( id VARCHAR(255) PRIMARY KEY, transaction_id VARCHAR(255), sender_account_id VARCHAR(255) NOT NULL, recipient_account_id VARCHAR(255) NOT NULL, amount DECIMAL(19,2) NOT NULL, description TEXT, status VARCHAR(20) NOT NULL DEFAULT 'PENDING', current_step VARCHAR(50) NOT NULL DEFAULT 'INITIATED', failure_reason TEXT, created_at TIMESTAMP NOT NULL DEFAULT CURRENT_TIMESTAMP, updated_at TIMESTAMP NOT NULL DEFAULT CURRENT_TIMESTAMP, completed_at TIMESTAMP NULL, CONSTRAINT fk_payments_transaction FOREIGN KEY (transaction_id) REFERENCES transactions(id), CONSTRAINT fk_payments_sender FOREIGN KEY (sender_account_id) REFERENCES accounts(id), CONSTRAINT fk_payments_recipient FOREIGN KEY (recipient_account_id) REFERENCES accounts(id), CONSTRAINT chk_payments_amount_positive CHECK (amount > 0), CONSTRAINT chk_payments_different_accounts CHECK (sender_account_id != recipient_account_id) )
&amp#27;[2m2025-08-17T20:20:15.703+01:00&amp#27;[0;39m &amp#27;[32mDEBUG&amp#27;[0;39m &amp#27;[35m32373&amp#27;[0;39m &amp#27;[2m---&amp#27;[0;39m &amp#27;[2m[transferer] [       Thread-2]&amp#27;[0;39m &amp#27;[2m&amp#27;[0;39m&amp#27;[36mio.r2dbc.h2.client.SessionClient        &amp#27;[0;39m &amp#27;[2m:&amp#27;[0;39m Request:  CREATE INDEX IF NOT EXISTS idx_payments_transaction_id ON payments (transaction_id)
&amp#27;[2m2025-08-17T20:20:15.703+01:00&amp#27;[0;39m &amp#27;[32mDEBUG&amp#27;[0;39m &amp#27;[35m32373&amp#27;[0;39m &amp#27;[2m---&amp#27;[0;39m &amp#27;[2m[transferer] [       Thread-2]&amp#27;[0;39m &amp#27;[2m&amp#27;[0;39m&amp#27;[36mo.s.r2dbc.connection.init.ScriptUtils   &amp#27;[0;39m &amp#27;[2m:&amp#27;[0;39m 0 returned as update count for SQL: CREATE INDEX IF NOT EXISTS idx_payments_transaction_id ON payments (transaction_id)
&amp#27;[2m2025-08-17T20:20:15.703+01:00&amp#27;[0;39m &amp#27;[32mDEBUG&amp#27;[0;39m &amp#27;[35m32373&amp#27;[0;39m &amp#27;[2m---&amp#27;[0;39m &amp#27;[2m[transferer] [       Thread-2]&amp#27;[0;39m &amp#27;[2m&amp#27;[0;39m&amp#27;[36mio.r2dbc.h2.client.SessionClient        &amp#27;[0;39m &amp#27;[2m:&amp#27;[0;39m Request:  CREATE INDEX IF NOT EXISTS idx_payments_sender_account_id ON payments (sender_account_id)
&amp#27;[2m2025-08-17T20:20:15.703+01:00&amp#27;[0;39m &amp#27;[32mDEBUG&amp#27;[0;39m &amp#27;[35m32373&amp#27;[0;39m &amp#27;[2m---&amp#27;[0;39m &amp#27;[2m[transferer] [       Thread-2]&amp#27;[0;39m &amp#27;[2m&amp#27;[0;39m&amp#27;[36mo.s.r2dbc.connection.init.ScriptUtils   &amp#27;[0;39m &amp#27;[2m:&amp#27;[0;39m 0 returned as update count for SQL: CREATE INDEX IF NOT EXISTS idx_payments_sender_account_id ON payments (sender_account_id)
&amp#27;[2m2025-08-17T20:20:15.703+01:00&amp#27;[0;39m &amp#27;[32mDEBUG&amp#27;[0;39m &amp#27;[35m32373&amp#27;[0;39m &amp#27;[2m---&amp#27;[0;39m &amp#27;[2m[transferer] [       Thread-2]&amp#27;[0;39m &amp#27;[2m&amp#27;[0;39m&amp#27;[36mio.r2dbc.h2.client.SessionClient        &amp#27;[0;39m &amp#27;[2m:&amp#27;[0;39m Request:  CREATE INDEX IF NOT EXISTS idx_payments_recipient_account_id ON payments (recipient_account_id)
&amp#27;[2m2025-08-17T20:20:15.703+01:00&amp#27;[0;39m &amp#27;[32mDEBUG&amp#27;[0;39m &amp#27;[35m32373&amp#27;[0;39m &amp#27;[2m---&amp#27;[0;39m &amp#27;[2m[transferer] [       Thread-2]&amp#27;[0;39m &amp#27;[2m&amp#27;[0;39m&amp#27;[36mo.s.r2dbc.connection.init.ScriptUtils   &amp#27;[0;39m &amp#27;[2m:&amp#27;[0;39m 0 returned as update count for SQL: CREATE INDEX IF NOT EXISTS idx_payments_recipient_account_id ON payments (recipient_account_id)
&amp#27;[2m2025-08-17T20:20:15.704+01:00&amp#27;[0;39m &amp#27;[32mDEBUG&amp#27;[0;39m &amp#27;[35m32373&amp#27;[0;39m &amp#27;[2m---&amp#27;[0;39m &amp#27;[2m[transferer] [       Thread-2]&amp#27;[0;39m &amp#27;[2m&amp#27;[0;39m&amp#27;[36mio.r2dbc.h2.client.SessionClient        &amp#27;[0;39m &amp#27;[2m:&amp#27;[0;39m Request:  CREATE INDEX IF NOT EXISTS idx_payments_status ON payments (status)
&amp#27;[2m2025-08-17T20:20:15.704+01:00&amp#27;[0;39m &amp#27;[32mDEBUG&amp#27;[0;39m &amp#27;[35m32373&amp#27;[0;39m &amp#27;[2m---&amp#27;[0;39m &amp#27;[2m[transferer] [       Thread-2]&amp#27;[0;39m &amp#27;[2m&amp#27;[0;39m&amp#27;[36mo.s.r2dbc.connection.init.ScriptUtils   &amp#27;[0;39m &amp#27;[2m:&amp#27;[0;39m 0 returned as update count for SQL: CREATE INDEX IF NOT EXISTS idx_payments_status ON payments (status)
&amp#27;[2m2025-08-17T20:20:15.704+01:00&amp#27;[0;39m &amp#27;[32mDEBUG&amp#27;[0;39m &amp#27;[35m32373&amp#27;[0;39m &amp#27;[2m---&amp#27;[0;39m &amp#27;[2m[transferer] [       Thread-2]&amp#27;[0;39m &amp#27;[2m&amp#27;[0;39m&amp#27;[36mio.r2dbc.h2.client.SessionClient        &amp#27;[0;39m &amp#27;[2m:&amp#27;[0;39m Request:  CREATE INDEX IF NOT EXISTS idx_payments_current_step ON payments (current_step)
&amp#27;[2m2025-08-17T20:20:15.704+01:00&amp#27;[0;39m &amp#27;[32mDEBUG&amp#27;[0;39m &amp#27;[35m32373&amp#27;[0;39m &amp#27;[2m---&amp#27;[0;39m &amp#27;[2m[transferer] [       Thread-2]&amp#27;[0;39m &amp#27;[2m&amp#27;[0;39m&amp#27;[36mo.s.r2dbc.connection.init.ScriptUtils   &amp#27;[0;39m &amp#27;[2m:&amp#27;[0;39m 0 returned as update count for SQL: CREATE INDEX IF NOT EXISTS idx_payments_current_step ON payments (current_step)
&amp#27;[2m2025-08-17T20:20:15.704+01:00&amp#27;[0;39m &amp#27;[32mDEBUG&amp#27;[0;39m &amp#27;[35m32373&amp#27;[0;39m &amp#27;[2m---&amp#27;[0;39m &amp#27;[2m[transferer] [       Thread-2]&amp#27;[0;39m &amp#27;[2m&amp#27;[0;39m&amp#27;[36mio.r2dbc.h2.client.SessionClient        &amp#27;[0;39m &amp#27;[2m:&amp#27;[0;39m Request:  CREATE INDEX IF NOT EXISTS idx_payments_created_at ON payments (created_at)
&amp#27;[2m2025-08-17T20:20:15.704+01:00&amp#27;[0;39m &amp#27;[32mDEBUG&amp#27;[0;39m &amp#27;[35m32373&amp#27;[0;39m &amp#27;[2m---&amp#27;[0;39m &amp#27;[2m[transferer] [       Thread-2]&amp#27;[0;39m &amp#27;[2m&amp#27;[0;39m&amp#27;[36mo.s.r2dbc.connection.init.ScriptUtils   &amp#27;[0;39m &amp#27;[2m:&amp#27;[0;39m 0 returned as update count for SQL: CREATE INDEX IF NOT EXISTS idx_payments_created_at ON payments (created_at)
&amp#27;[2m2025-08-17T20:20:15.704+01:00&amp#27;[0;39m &amp#27;[32mDEBUG&amp#27;[0;39m &amp#27;[35m32373&amp#27;[0;39m &amp#27;[2m---&amp#27;[0;39m &amp#27;[2m[transferer] [       Thread-2]&amp#27;[0;39m &amp#27;[2m&amp#27;[0;39m&amp#27;[36mio.r2dbc.h2.client.SessionClient        &amp#27;[0;39m &amp#27;[2m:&amp#27;[0;39m Request:  CREATE TABLE IF NOT EXISTS outbox_events ( id BIGINT AUTO_INCREMENT PRIMARY KEY, event_id VARCHAR(255) UNIQUE NOT NULL, event_type VARCHAR(255) NOT NULL, aggregate_id VARCHAR(255) NOT NULL, event_data CLOB NOT NULL, occurred_at TIMESTAMP NOT NULL, processed_at TIMESTAMP NULL, created_at TIMESTAMP NOT NULL DEFAULT CURRENT_TIMESTAMP )
&amp#27;[2m2025-08-17T20:20:15.704+01:00&amp#27;[0;39m &amp#27;[32mDEBUG&amp#27;[0;39m &amp#27;[35m32373&amp#27;[0;39m &amp#27;[2m---&amp#27;[0;39m &amp#27;[2m[transferer] [       Thread-2]&amp#27;[0;39m &amp#27;[2m&amp#27;[0;39m&amp#27;[36mo.s.r2dbc.connection.init.ScriptUtils   &amp#27;[0;39m &amp#27;[2m:&amp#27;[0;39m 0 returned as update count for SQL: CREATE TABLE IF NOT EXISTS outbox_events ( id BIGINT AUTO_INCREMENT PRIMARY KEY, event_id VARCHAR(255) UNIQUE NOT NULL, event_type VARCHAR(255) NOT NULL, aggregate_id VARCHAR(255) NOT NULL, event_data CLOB NOT NULL, occurred_at TIMESTAMP NOT NULL, processed_at TIMESTAMP NULL, created_at TIMESTAMP NOT NULL DEFAULT CURRENT_TIMESTAMP )
&amp#27;[2m2025-08-17T20:20:15.704+01:00&amp#27;[0;39m &amp#27;[32mDEBUG&amp#27;[0;39m &amp#27;[35m32373&amp#27;[0;39m &amp#27;[2m---&amp#27;[0;39m &amp#27;[2m[transferer] [       Thread-2]&amp#27;[0;39m &amp#27;[2m&amp#27;[0;39m&amp#27;[36mio.r2dbc.h2.client.SessionClient        &amp#27;[0;39m &amp#27;[2m:&amp#27;[0;39m Request:  CREATE INDEX IF NOT EXISTS idx_outbox_events_processed_at ON outbox_events (processed_at)
&amp#27;[2m2025-08-17T20:20:15.704+01:00&amp#27;[0;39m &amp#27;[32mDEBUG&amp#27;[0;39m &amp#27;[35m32373&amp#27;[0;39m &amp#27;[2m---&amp#27;[0;39m &amp#27;[2m[transferer] [       Thread-2]&amp#27;[0;39m &amp#27;[2m&amp#27;[0;39m&amp#27;[36mo.s.r2dbc.connection.init.ScriptUtils   &amp#27;[0;39m &amp#27;[2m:&amp#27;[0;39m 0 returned as update count for SQL: CREATE INDEX IF NOT EXISTS idx_outbox_events_processed_at ON outbox_events (processed_at)
&amp#27;[2m2025-08-17T20:20:15.704+01:00&amp#27;[0;39m &amp#27;[32mDEBUG&amp#27;[0;39m &amp#27;[35m32373&amp#27;[0;39m &amp#27;[2m---&amp#27;[0;39m &amp#27;[2m[transferer] [       Thread-2]&amp#27;[0;39m &amp#27;[2m&amp#27;[0;39m&amp#27;[36mio.r2dbc.h2.client.SessionClient        &amp#27;[0;39m &amp#27;[2m:&amp#27;[0;39m Request:  CREATE INDEX IF NOT EXISTS idx_outbox_events_event_type ON outbox_events (event_type)
&amp#27;[2m2025-08-17T20:20:15.704+01:00&amp#27;[0;39m &amp#27;[32mDEBUG&amp#27;[0;39m &amp#27;[35m32373&amp#27;[0;39m &amp#27;[2m---&amp#27;[0;39m &amp#27;[2m[transferer] [       Thread-2]&amp#27;[0;39m &amp#27;[2m&amp#27;[0;39m&amp#27;[36mo.s.r2dbc.connection.init.ScriptUtils   &amp#27;[0;39m &amp#27;[2m:&amp#27;[0;39m 0 returned as update count for SQL: CREATE INDEX IF NOT EXISTS idx_outbox_events_event_type ON outbox_events (event_type)
&amp#27;[2m2025-08-17T20:20:15.704+01:00&amp#27;[0;39m &amp#27;[32mDEBUG&amp#27;[0;39m &amp#27;[35m32373&amp#27;[0;39m &amp#27;[2m---&amp#27;[0;39m &amp#27;[2m[transferer] [       Thread-2]&amp#27;[0;39m &amp#27;[2m&amp#27;[0;39m&amp#27;[36mio.r2dbc.h2.client.SessionClient        &amp#27;[0;39m &amp#27;[2m:&amp#27;[0;39m Request:  CREATE INDEX IF NOT EXISTS idx_outbox_events_occurred_at ON outbox_events (occurred_at)
&amp#27;[2m2025-08-17T20:20:15.704+01:00&amp#27;[0;39m &amp#27;[32mDEBUG&amp#27;[0;39m &amp#27;[35m32373&amp#27;[0;39m &amp#27;[2m---&amp#27;[0;39m &amp#27;[2m[transferer] [       Thread-2]&amp#27;[0;39m &amp#27;[2m&amp#27;[0;39m&amp#27;[36mo.s.r2dbc.connection.init.ScriptUtils   &amp#27;[0;39m &amp#27;[2m:&amp#27;[0;39m 0 returned as update count for SQL: CREATE INDEX IF NOT EXISTS idx_outbox_events_occurred_at ON outbox_events (occurred_at)
&amp#27;[2m2025-08-17T20:20:15.704+01:00&amp#27;[0;39m &amp#27;[32mDEBUG&amp#27;[0;39m &amp#27;[35m32373&amp#27;[0;39m &amp#27;[2m---&amp#27;[0;39m &amp#27;[2m[transferer] [       Thread-2]&amp#27;[0;39m &amp#27;[2m&amp#27;[0;39m&amp#27;[36mo.s.r2dbc.connection.init.ScriptUtils   &amp#27;[0;39m &amp#27;[2m:&amp#27;[0;39m Executed SQL script from class path resource [test-schema.sql] in 4 ms.
&amp#27;[2m2025-08-17T20:20:15.705+01:00&amp#27;[0;39m &amp#27;[32mDEBUG&amp#27;[0;39m &amp#27;[35m32373&amp#27;[0;39m &amp#27;[2m---&amp#27;[0;39m &amp#27;[2m[transferer] [       Thread-2]&amp#27;[0;39m &amp#27;[2m&amp#27;[0;39m&amp#27;[36mio.r2dbc.h2.client.SessionClient        &amp#27;[0;39m &amp#27;[2m:&amp#27;[0;39m Request:  SELECT CURRENT_TIMESTAMP
&amp#27;[2m2025-08-17T20:20:15.705+01:00&amp#27;[0;39m &amp#27;[32mDEBUG&amp#27;[0;39m &amp#27;[35m32373&amp#27;[0;39m &amp#27;[2m---&amp#27;[0;39m &amp#27;[2m[transferer] [       Thread-2]&amp#27;[0;39m &amp#27;[2m&amp#27;[0;39m&amp#27;[36mio.r2dbc.h2.client.SessionClient        &amp#27;[0;39m &amp#27;[2m:&amp#27;[0;39m Response: org.h2.result.LocalResult@1631e435 columns: 1 rows: 1 pos: -1
&amp#27;[2m2025-08-17T20:20:15.706+01:00&amp#27;[0;39m &amp#27;[32m INFO&amp#27;[0;39m &amp#27;[35m32373&amp#27;[0;39m &amp#27;[2m---&amp#27;[0;39m &amp#27;[2m[transferer] [           main]&amp#27;[0;39m &amp#27;[2m&amp#27;[0;39m&amp#27;[36mc.t.payment.PaymentSagaIntegrationTest  &amp#27;[0;39m &amp#27;[2m:&amp#27;[0;39m Started PaymentSagaIntegrationTest in 0.095 seconds (process running for 1.099)
&amp#27;[2m2025-08-17T20:20:15.970+01:00&amp#27;[0;39m &amp#27;[32mDEBUG&amp#27;[0;39m &amp#27;[35m32373&amp#27;[0;39m &amp#27;[2m---&amp#27;[0;39m &amp#27;[2m[transferer] [           main]&amp#27;[0;39m &amp#27;[2m&amp#27;[0;39m&amp#27;[36mo.s.r.c.R2dbcTransactionManager         &amp#27;[0;39m &amp#27;[2m:&amp#27;[0;39m Creating new transaction with name [com.transferer.account.application.AccountService.openAccount]: PROPAGATION_REQUIRED,ISOLATION_DEFAULT
&amp#27;[2m2025-08-17T20:20:15.971+01:00&amp#27;[0;39m &amp#27;[32mDEBUG&amp#27;[0;39m &amp#27;[35m32373&amp#27;[0;39m &amp#27;[2m---&amp#27;[0;39m &amp#27;[2m[transferer] [           main]&amp#27;[0;39m &amp#27;[2m&amp#27;[0;39m&amp#27;[36mio.r2dbc.h2.client.SessionClient        &amp#27;[0;39m &amp#27;[2m:&amp#27;[0;39m Request:  SELECT 1
&amp#27;[2m2025-08-17T20:20:15.971+01:00&amp#27;[0;39m &amp#27;[32mDEBUG&amp#27;[0;39m &amp#27;[35m32373&amp#27;[0;39m &amp#27;[2m---&amp#27;[0;39m &amp#27;[2m[transferer] [           main]&amp#27;[0;39m &amp#27;[2m&amp#27;[0;39m&amp#27;[36mio.r2dbc.h2.client.SessionClient        &amp#27;[0;39m &amp#27;[2m:&amp#27;[0;39m Response: org.h2.result.LocalResult@4b6b5352 columns: 1 rows: 1 pos: -1
&amp#27;[2m2025-08-17T20:20:15.971+01:00&amp#27;[0;39m &amp#27;[32mDEBUG&amp#27;[0;39m &amp#27;[35m32373&amp#27;[0;39m &amp#27;[2m---&amp#27;[0;39m &amp#27;[2m[transferer] [           main]&amp#27;[0;39m &amp#27;[2m&amp#27;[0;39m&amp#27;[36mo.s.r.c.R2dbcTransactionManager         &amp#27;[0;39m &amp#27;[2m:&amp#27;[0;39m Acquired Connection [PooledConnection[io.r2dbc.h2.H2Connection@1d6713dd]] for R2DBC transaction
&amp#27;[2m2025-08-17T20:20:15.972+01:00&amp#27;[0;39m &amp#27;[32mDEBUG&amp#27;[0;39m &amp#27;[35m32373&amp#27;[0;39m &amp#27;[2m---&amp#27;[0;39m &amp#27;[2m[transferer] [           main]&amp#27;[0;39m &amp#27;[2m&amp#27;[0;39m&amp#27;[36mo.s.r.c.R2dbcTransactionManager         &amp#27;[0;39m &amp#27;[2m:&amp#27;[0;39m Starting R2DBC transaction on Connection [PooledConnection[io.r2dbc.h2.H2Connection@1d6713dd]] using [ExtendedTransactionDefinition [transactionName='com.transferer.account.application.AccountService.openAccount', readOnly=false, isolationLevel=null, lockWaitTimeout=PT0S]]
&amp#27;[2m2025-08-17T20:20:15.972+01:00&amp#27;[0;39m &amp#27;[33m WARN&amp#27;[0;39m &amp#27;[35m32373&amp#27;[0;39m &amp#27;[2m---&amp#27;[0;39m &amp#27;[2m[transferer] [           main]&amp#27;[0;39m &amp#27;[2m&amp#27;[0;39m&amp#27;[36mio.r2dbc.h2.H2Connection                &amp#27;[0;39m &amp#27;[2m:&amp#27;[0;39m Option{name='readOnly', sensitive=false} + isn't supported in H2 at the transaction level. You must set it on conenction URL. See http://www.h2database.com/html/features.html#read_only
&amp#27;[2m2025-08-17T20:20:15.986+01:00&amp#27;[0;39m &amp#27;[32mDEBUG&amp#27;[0;39m &amp#27;[35m32373&amp#27;[0;39m &amp#27;[2m---&amp#27;[0;39m &amp#27;[2m[transferer] [           main]&amp#27;[0;39m &amp#27;[2m&amp#27;[0;39m&amp#27;[36mo.s.r2dbc.core.DefaultDatabaseClient    &amp#27;[0;39m &amp#27;[2m:&amp#27;[0;39m Executing SQL statement [SELECT accounts.ID FROM accounts WHERE accounts.account_number = $1 LIMIT 1]
&amp#27;[2m2025-08-17T20:20:15.988+01:00&amp#27;[0;39m &amp#27;[32mDEBUG&amp#27;[0;39m &amp#27;[35m32373&amp#27;[0;39m &amp#27;[2m---&amp#27;[0;39m &amp#27;[2m[transferer] [           main]&amp#27;[0;39m &amp#27;[2m&amp#27;[0;39m&amp#27;[36mio.r2dbc.h2.client.SessionClient        &amp#27;[0;39m &amp#27;[2m:&amp#27;[0;39m Request:  SELECT accounts.ID FROM accounts WHERE accounts.account_number = $1 LIMIT 1 {1: '0755941408'}
&amp#27;[2m2025-08-17T20:20:15.988+01:00&amp#27;[0;39m &amp#27;[32mDEBUG&amp#27;[0;39m &amp#27;[35m32373&amp#27;[0;39m &amp#27;[2m---&amp#27;[0;39m &amp#27;[2m[transferer] [           main]&amp#27;[0;39m &amp#27;[2m&amp#27;[0;39m&amp#27;[36mio.r2dbc.h2.client.SessionClient        &amp#27;[0;39m &amp#27;[2m:&amp#27;[0;39m Response: org.h2.result.LocalResult@4b508371 columns: 1 rows: 0 pos: -1
&amp#27;[2m2025-08-17T20:20:15.992+01:00&amp#27;[0;39m &amp#27;[32mDEBUG&amp#27;[0;39m &amp#27;[35m32373&amp#27;[0;39m &amp#27;[2m---&amp#27;[0;39m &amp#27;[2m[transferer] [           main]&amp#27;[0;39m &amp#27;[2m&amp#27;[0;39m&amp#27;[36mo.s.r.c.R2dbcTransactionManager         &amp#27;[0;39m &amp#27;[2m:&amp#27;[0;39m Participating in existing transaction
&amp#27;[2m2025-08-17T20:20:15.998+01:00&amp#27;[0;39m &amp#27;[32mDEBUG&amp#27;[0;39m &amp#27;[35m32373&amp#27;[0;39m &amp#27;[2m---&amp#27;[0;39m &amp#27;[2m[transferer] [           main]&amp#27;[0;39m &amp#27;[2m&amp#27;[0;39m&amp#27;[36mo.s.r2dbc.core.DefaultDatabaseClient    &amp#27;[0;39m &amp#27;[2m:&amp#27;[0;39m Executing SQL statement [INSERT INTO accounts (ID, account_number, holder_name, balance, status, created_at, updated_at) VALUES ($1, $2, $3, $4, $5, $6, $7)]
&amp#27;[2m2025-08-17T20:20:15.999+01:00&amp#27;[0;39m &amp#27;[32mDEBUG&amp#27;[0;39m &amp#27;[35m32373&amp#27;[0;39m &amp#27;[2m---&amp#27;[0;39m &amp#27;[2m[transferer] [           main]&amp#27;[0;39m &amp#27;[2m&amp#27;[0;39m&amp#27;[36mio.r2dbc.h2.client.SessionClient        &amp#27;[0;39m &amp#27;[2m:&amp#27;[0;39m Request:  INSERT INTO accounts (ID, account_number, holder_name, balance, status, created_at, updated_at) VALUES ($1, $2, $3, $4, $5, $6, $7) {1: '1b2655a0-6185-44ef-b192-895247234cc4', 2: '0755941408', 3: 'John Doe', 4: 1000.00, 5: 'ACTIVE', 6: TIMESTAMP '2025-08-17 20:20:15.989434', 7: TIMESTAMP '2025-08-17 20:20:15.98944'}
[...]
&amp#27;[2m2025-08-17T20:20:19.468+01:00&amp#27;[0;39m &amp#27;[32mDEBUG&amp#27;[0;39m &amp#27;[35m32373&amp#27;[0;39m &amp#27;[2m---&amp#27;[0;39m &amp#27;[2m[transferer] [     parallel-1]&amp#27;[0;39m &amp#27;[2m&amp#27;[0;39m&amp#27;[36mio.r2dbc.h2.client.SessionClient        &amp#27;[0;39m &amp#27;[2m:&amp#27;[0;39m Response: org.h2.result.LocalResult@6bf59c80 columns: 1 rows: 1 pos: -1
&amp#27;[2m2025-08-17T20:20:19.469+01:00&amp#27;[0;39m &amp#27;[32mDEBUG&amp#27;[0;39m &amp#27;[35m32373&amp#27;[0;39m &amp#27;[2m---&amp#27;[0;39m &amp#27;[2m[transferer] [     parallel-1]&amp#27;[0;39m &amp#27;[2m&amp#27;[0;39m&amp#27;[36mo.s.r2dbc.core.DefaultDatabaseClient    &amp#27;[0;39m &amp#27;[2m:&amp#27;[0;39m Executing SQL statement [SELECT event_type, COUNT(*) as count FROM outbox_events GROUP BY event_type]
&amp#27;[2m2025-08-17T20:20:19.469+01:00&amp#27;[0;39m &amp#27;[32mDEBUG&amp#27;[0;39m &amp#27;[35m32373&amp#27;[0;39m &amp#27;[2m---&amp#27;[0;39m &amp#27;[2m[transferer] [     parallel-1]&amp#27;[0;39m &amp#27;[2m&amp#27;[0;39m&amp#27;[36mio.r2dbc.h2.client.SessionClient        &amp#27;[0;39m &amp#27;[2m:&amp#27;[0;39m Request:  SELECT event_type, COUNT(*) as count FROM outbox_events GROUP BY event_type
&amp#27;[2m2025-08-17T20:20:19.469+01:00&amp#27;[0;39m &amp#27;[32mDEBUG&amp#27;[0;39m &amp#27;[35m32373&amp#27;[0;39m &amp#27;[2m---&amp#27;[0;39m &amp#27;[2m[transferer] [     parallel-1]&amp#27;[0;39m &amp#27;[2m&amp#27;[0;39m&amp#27;[36mio.r2dbc.h2.client.SessionClient        &amp#27;[0;39m &amp#27;[2m:&amp#27;[0;39m Response: org.h2.result.LocalResult@1bae21ff columns: 2 rows: 3 pos: -1
&amp#27;[2m2025-08-17T20:20:19.469+01:00&amp#27;[0;39m &amp#27;[32mDEBUG&amp#27;[0;39m &amp#27;[35m32373&amp#27;[0;39m &amp#27;[2m---&amp#27;[0;39m &amp#27;[2m[transferer] [     parallel-1]&amp#27;[0;39m &amp#27;[2m&amp#27;[0;39m&amp#27;[36mio.r2dbc.h2.client.SessionClient        &amp#27;[0;39m &amp#27;[2m:&amp#27;[0;39m Request:  SELECT CURRENT_TIMESTAMP
&amp#27;[2m2025-08-17T20:20:19.469+01:00&amp#27;[0;39m &amp#27;[32mDEBUG&amp#27;[0;39m &amp#27;[35m32373&amp#27;[0;39m &amp#27;[2m---&amp#27;[0;39m &amp#27;[2m[transferer] [     parallel-1]&amp#27;[0;39m &amp#27;[2m&amp#27;[0;39m&amp#27;[36mio.r2dbc.h2.client.SessionClient        &amp#27;[0;39m &amp#27;[2m:&amp#27;[0;39m Response: org.h2.result.LocalResult@7d107e17 columns: 1 rows: 1 pos: -1
&amp#27;[2m2025-08-17T20:20:19.520+01:00&amp#27;[0;39m &amp#27;[32mDEBUG&amp#27;[0;39m &amp#27;[35m32373&amp#27;[0;39m &amp#27;[2m---&amp#27;[0;39m &amp#27;[2m[transferer] [     parallel-2]&amp#27;[0;39m &amp#27;[2m&amp#27;[0;39m&amp#27;[36mio.r2dbc.h2.client.SessionClient        &amp#27;[0;39m &amp#27;[2m:&amp#27;[0;39m Request:  SELECT 1
&amp#27;[2m2025-08-17T20:20:19.520+01:00&amp#27;[0;39m &amp#27;[32mDEBUG&amp#27;[0;39m &amp#27;[35m32373&amp#27;[0;39m &amp#27;[2m---&amp#27;[0;39m &amp#27;[2m[transferer] [     parallel-2]&amp#27;[0;39m &amp#27;[2m&amp#27;[0;39m&amp#27;[36mio.r2dbc.h2.client.SessionClient        &amp#27;[0;39m &amp#27;[2m:&amp#27;[0;39m Response: org.h2.result.LocalResult@668cf8e9 columns: 1 rows: 1 pos: -1
&amp#27;[2m2025-08-17T20:20:19.520+01:00&amp#27;[0;39m &amp#27;[32mDEBUG&amp#27;[0;39m &amp#27;[35m32373&amp#27;[0;39m &amp#27;[2m---&amp#27;[0;39m &amp#27;[2m[transferer] [     parallel-2]&amp#27;[0;39m &amp#27;[2m&amp#27;[0;39m&amp#27;[36mo.s.r2dbc.core.DefaultDatabaseClient    &amp#27;[0;39m &amp#27;[2m:&amp#27;[0;39m Executing SQL statement [SELECT event_type, COUNT(*) as count FROM outbox_events GROUP BY event_type]
&amp#27;[2m2025-08-17T20:20:19.520+01:00&amp#27;[0;39m &amp#27;[32mDEBUG&amp#27;[0;39m &amp#27;[35m32373&amp#27;[0;39m &amp#27;[2m---&amp#27;[0;39m &amp#27;[2m[transferer] [     parallel-2]&amp#27;[0;39m &amp#27;[2m&amp#27;[0;39m&amp#27;[36mio.r2dbc.h2.client.SessionClient        &amp#27;[0;39m &amp#27;[2m:&amp#27;[0;39m Request:  SELECT event_type, COUNT(*) as count FROM outbox_events GROUP BY event_type
&amp#27;[2m2025-08-17T20:20:19.520+01:00&amp#27;[0;39m &amp#27;[32mDEBUG&amp#27;[0;39m &amp#27;[35m32373&amp#27;[0;39m &amp#27;[2m---&amp#27;[0;39m &amp#27;[2m[transferer] [     parallel-2]&amp#27;[0;39m &amp#27;[2m&amp#27;[0;39m&amp#27;[36mio.r2dbc.h2.client.SessionClient        &amp#27;[0;39m &amp#27;[2m:&amp#27;[0;39m Response: org.h2.result.LocalResult@4be1543f columns: 2 rows: 3 pos: -1
&amp#27;[2m2025-08-17T20:20:19.521+01:00&amp#27;[0;39m &amp#27;[32mDEBUG&amp#27;[0;39m &amp#27;[35m32373&amp#27;[0;39m &amp#27;[2m---&amp#27;[0;39m &amp#27;[2m[transferer] [     parallel-2]&amp#27;[0;39m &amp#27;[2m&amp#27;[0;39m&amp#27;[36mio.r2dbc.h2.client.SessionClient        &amp#27;[0;39m &amp#27;[2m:&amp#27;[0;39m Request:  SELECT CURRENT_TIMESTAMP
&amp#27;[2m2025-08-17T20:20:19.521+01:00&amp#27;[0;39m &amp#27;[32mDEBUG&amp#27;[0;39m &amp#27;[35m32373&amp#27;[0;39m &amp#27;[2m---&amp#27;[0;39m &amp#27;[2m[transferer] [     parallel-2]&amp#27;[0;39m &amp#27;[2m&amp#27;[0;39m&amp#27;[36mio.r2dbc.h2.client.SessionClient        &amp#27;[0;39m &amp#27;[2m:&amp#27;[0;39m Response: org.h2.result.LocalResult@d4db3df columns: 1 rows: 1 pos: -1
&amp#27;[2m2025-08-17T20:20:19.573+01:00&amp#27;[0;39m &amp#27;[32mDEBUG&amp#27;[0;39m &amp#27;[35m32373&amp#27;[0;39m &amp#27;[2m---&amp#27;[0;39m &amp#27;[2m[transferer] [     parallel-3]&amp#27;[0;39m &amp#27;[2m&amp#27;[0;39m&amp#27;[36mio.r2dbc.h2.client.SessionClient        &amp#27;[0;39m &amp#27;[2m:&amp#27;[0;39m Request:  SELECT 1
&amp#27;[2m2025-08-17T20:20:19.573+01:00&amp#27;[0;39m &amp#27;[32mDEBUG&amp#27;[0;39m &amp#27;[35m32373&amp#27;[0;39m &amp#27;[2m---&amp#27;[0;39m &amp#27;[2m[transferer] [     parallel-3]&amp#27;[0;39m &amp#27;[2m&amp#27;[0;39m&amp#27;[36mio.r2dbc.h2.client.SessionClient        &amp#27;[0;39m &amp#27;[2m:&amp#27;[0;39m Response: org.h2.result.LocalResult@74327d74 columns: 1 rows: 1 pos: -1
&amp#27;[2m2025-08-17T20:20:19.573+01:00&amp#27;[0;39m &amp#27;[32mDEBUG&amp#27;[0;39m &amp#27;[35m32373&amp#27;[0;39m &amp#27;[2m---&amp#27;[0;39m &amp#27;[2m[transferer] [     parallel-3]&amp#27;[0;39m &amp#27;[2m&amp#27;[0;39m&amp#27;[36mo.s.r2dbc.core.DefaultDatabaseClient    &amp#27;[0;39m &amp#27;[2m:&amp#27;[0;39m Executing SQL statement [SELECT event_type, COUNT(*) as count FROM outbox_events GROUP BY event_type]
&amp#27;[2m2025-08-17T20:20:19.573+01:00&amp#27;[0;39m &amp#27;[32mDEBUG&amp#27;[0;39m &amp#27;[35m32373&amp#27;[0;39m &amp#27;[2m---&amp#27;[0;39m &amp#27;[2m[transferer] [     parallel-3]&amp#27;[0;39m &amp#27;[2m&amp#27;[0;39m&amp#27;[36mio.r2dbc.h2.client.SessionClient        &amp#27;[0;39m &amp#27;[2m:&amp#27;[0;39m Request:  SELECT event_type, COUNT(*) as count FROM outbox_events GROUP BY event_type
&amp#27;[2m2025-08-17T20:20:19.573+01:00&amp#27;[0;39m &amp#27;[32mDEBUG&amp#27;[0;39m &amp#27;[35m32373&amp#27;[0;39m &amp#27;[2m---&amp#27;[0;39m &amp#27;[2m[transferer] [     parallel-3]&amp#27;[0;39m &amp#27;[2m&amp#27;[0;39m&amp#27;[36mio.r2dbc.h2.client.SessionClient        &amp#27;[0;39m &amp#27;[2m:&amp#27;[0;39m Response: org.h2.result.LocalResult@70d53321 columns: 2 rows: 3 pos: -1
&amp#27;[2m2025-08-17T20:20:19.574+01:00&amp#27;[0;39m &amp#27;[32mDEBUG&amp#27;[0;39m &amp#27;[35m32373&amp#27;[0;39m &amp#27;[2m---&amp#27;[0;39m &amp#27;[2m[transferer] [     parallel-3]&amp#27;[0;39m &amp#27;[2m&amp#27;[0;39m&amp#27;[36mio.r2dbc.h2.client.SessionClient        &amp#27;[0;39m &amp#27;[2m:&amp#27;[0;39m Request:  SELECT CURRENT_TIMESTAMP
&amp#27;[2m2025-08-17T20:20:19.574+01:00&amp#27;[0;39m &amp#27;[32mDEBUG&amp#27;[0;39m &amp#27;[35m32373&amp#27;[0;39m &amp#27;[2m---&amp#27;[0;39m &amp#27;[2m[transferer] [     parallel-3]&amp#27;[0;39m &amp#27;[2m&amp#27;[0;39m&amp#27;[36mio.r2dbc.h2.client.SessionClient        &amp#27;[0;39m &amp#27;[2m:&amp#27;[0;39m Response: org.h2.result.LocalResult@2a7c25ef columns: 1 rows: 1 pos: -1
&amp#27;[2m2025-08-17T20:20:19.629+01:00&amp#27;[0;39m &amp#27;[32mDEBUG&amp#27;[0;39m &amp#27;[35m32373&amp#27;[0;39m &amp#27;[2m---&amp#27;[0;39m &amp#27;[2m[transferer] [     parallel-4]&amp#27;[0;39m &amp#27;[2m&amp#27;[0;39m&amp#27;[36mio.r2dbc.h2.client.SessionClient        &amp#27;[0;39m &amp#27;[2m:&amp#27;[0;39m Request:  SELECT 1
&amp#27;[2m2025-08-17T20:20:19.629+01:00&amp#27;[0;39m &amp#27;[32mDEBUG&amp#27;[0;39m &amp#27;[35m32373&amp#27;[0;39m &amp#27;[2m---&amp#27;[0;39m &amp#27;[2m[transferer] [     parallel-4]&amp#27;[0;39m &amp#27;[2m&amp#27;[0;39m&amp#27;[36mio.r2dbc.h2.client.SessionClient        &amp#27;[0;39m &amp#27;[2m:&amp#27;[0;39m Response: org.h2.result.LocalResult@692e1ccc columns: 1 rows: 1 pos: -1
&amp#27;[2m2025-08-17T20:20:19.629+01:00&amp#27;[0;39m &amp#27;[32mDEBUG&amp#27;[0;39m &amp#27;[35m32373&amp#27;[0;39m &amp#27;[2m---&amp#27;[0;39m &amp#27;[2m[transferer] [     parallel-4]&amp#27;[0;39m &amp#27;[2m&amp#27;[0;39m&amp#27;[36mo.s.r2dbc.core.DefaultDatabaseClient    &amp#27;[0;39m &amp#27;[2m:&amp#27;[0;39m Executing SQL statement [SELECT event_type, COUNT(*) as count FROM outbox_events GROUP BY event_type]
&amp#27;[2m2025-08-17T20:20:19.629+01:00&amp#27;[0;39m &amp#27;[32mDEBUG&amp#27;[0;39m &amp#27;[35m32373&amp#27;[0;39m &amp#27;[2m---&amp#27;[0;39m &amp#27;[2m[transferer] [     parallel-4]&amp#27;[0;39m &amp#27;[2m&amp#27;[0;39m&amp#27;[36mio.r2dbc.h2.client.SessionClient        &amp#27;[0;39m &amp#27;[2m:&amp#27;[0;39m Request:  SELECT event_type, COUNT(*) as count FROM outbox_events GROUP BY event_type
&amp#27;[2m2025-08-17T20:20:19.629+01:00&amp#27;[0;39m &amp#27;[32mDEBUG&amp#27;[0;39m &amp#27;[35m32373&amp#27;[0;39m &amp#27;[2m---&amp#27;[0;39m &amp#27;[2m[transferer] [     parallel-4]&amp#27;[0;39m &amp#27;[2m&amp#27;[0;39m&amp#27;[36mio.r2dbc.h2.client.SessionClient        &amp#27;[0;39m &amp#27;[2m:&amp#27;[0;39m Response: org.h2.result.LocalResult@1525cb30 columns: 2 rows: 3 pos: -1
&amp#27;[2m2025-08-17T20:20:19.629+01:00&amp#27;[0;39m &amp#27;[32mDEBUG&amp#27;[0;39m &amp#27;[35m32373&amp#27;[0;39m &amp#27;[2m---&amp#27;[0;39m &amp#27;[2m[transferer] [     parallel-4]&amp#27;[0;39m &amp#27;[2m&amp#27;[0;39m&amp#27;[36mio.r2dbc.h2.client.SessionClient        &amp#27;[0;39m &amp#27;[2m:&amp#27;[0;39m Request:  SELECT CURRENT_TIMESTAMP
&amp#27;[2m2025-08-17T20:20:19.629+01:00&amp#27;[0;39m &amp#27;[32mDEBUG&amp#27;[0;39m &amp#27;[35m32373&amp#27;[0;39m &amp#27;[2m---&amp#27;[0;39m &amp#27;[2m[transferer] [     parallel-4]&amp#27;[0;39m &amp#27;[2m&amp#27;[0;39m&amp#27;[36mio.r2dbc.h2.client.SessionClient        &amp#27;[0;39m &amp#27;[2m:&amp#27;[0;39m Response: org.h2.result.LocalResult@743e948f columns: 1 rows: 1 pos: -1
&amp#27;[2m2025-08-17T20:20:19.683+01:00&amp#27;[0;39m &amp#27;[32mDEBUG&amp#27;[0;39m &amp#27;[35m32373&amp#27;[0;39m &amp#27;[2m---&amp#27;[0;39m &amp#27;[2m[transferer] [           main]&amp#27;[0;39m &amp#27;[2m&amp#27;[0;39m&amp#27;[36mio.r2dbc.h2.client.SessionClient        &amp#27;[0;39m &amp#27;[2m:&amp#27;[0;39m Request:  SELECT 1
&amp#27;[2m2025-08-17T20:20:19.684+01:00&amp#27;[0;39m &amp#27;[32mDEBUG&amp#27;[0;39m &amp#27;[35m32373&amp#27;[0;39m &amp#27;[2m---&amp#27;[0;39m &amp#27;[2m[transferer] [           main]&amp#27;[0;39m &amp#27;[2m&amp#27;[0;39m&amp#27;[36mio.r2dbc.h2.client.SessionClient        &amp#27;[0;39m &amp#27;[2m:&amp#27;[0;39m Response: org.h2.result.LocalResult@311a0b3e columns: 1 rows: 1 pos: -1
&amp#27;[2m2025-08-17T20:20:19.684+01:00&amp#27;[0;39m &amp#27;[32mDEBUG&amp#27;[0;39m &amp#27;[35m32373&amp#27;[0;39m &amp#27;[2m---&amp#27;[0;39m &amp#27;[2m[transferer] [           main]&amp#27;[0;39m &amp#27;[2m&amp#27;[0;39m&amp#27;[36mo.s.r2dbc.core.DefaultDatabaseClient    &amp#27;[0;39m &amp#27;[2m:&amp#27;[0;39m Executing SQL statement [DELETE FROM payments]
&amp#27;[2m2025-08-17T20:20:19.685+01:00&amp#27;[0;39m &amp#27;[32mDEBUG&amp#27;[0;39m &amp#27;[35m32373&amp#27;[0;39m &amp#27;[2m---&amp#27;[0;39m &amp#27;[2m[transferer] [           main]&amp#27;[0;39m &amp#27;[2m&amp#27;[0;39m&amp#27;[36mio.r2dbc.h2.client.SessionClient        &amp#27;[0;39m &amp#27;[2m:&amp#27;[0;39m Request:  DELETE FROM payments
&amp#27;[2m2025-08-17T20:20:19.685+01:00&amp#27;[0;39m &amp#27;[32mDEBUG&amp#27;[0;39m &amp#27;[35m32373&amp#27;[0;39m &amp#27;[2m---&amp#27;[0;39m &amp#27;[2m[transferer] [           main]&amp#27;[0;39m &amp#27;[2m&amp#27;[0;39m&amp#27;[36mio.r2dbc.h2.client.SessionClient        &amp#27;[0;39m &amp#27;[2m:&amp#27;[0;39m Request:  SELECT CURRENT_TIMESTAMP
&amp#27;[2m2025-08-17T20:20:19.685+01:00&amp#27;[0;39m &amp#27;[32mDEBUG&amp#27;[0;39m &amp#27;[35m32373&amp#27;[0;39m &amp#27;[2m---&amp#27;[0;39m &amp#27;[2m[transferer] [           main]&amp#27;[0;39m &amp#27;[2m&amp#27;[0;39m&amp#27;[36mio.r2dbc.h2.client.SessionClient        &amp#27;[0;39m &amp#27;[2m:&amp#27;[0;39m Response: org.h2.result.LocalResult@1d3a03fe columns: 1 rows: 1 pos: -1
&amp#27;[2m2025-08-17T20:20:19.686+01:00&amp#27;[0;39m &amp#27;[32mDEBUG&amp#27;[0;39m &amp#27;[35m32373&amp#27;[0;39m &amp#27;[2m---&amp#27;[0;39m &amp#27;[2m[transferer] [           main]&amp#27;[0;39m &amp#27;[2m&amp#27;[0;39m&amp#27;[36mio.r2dbc.h2.client.SessionClient        &amp#27;[0;39m &amp#27;[2m:&amp#27;[0;39m Request:  SELECT 1
&amp#27;[2m2025-08-17T20:20:19.686+01:00&amp#27;[0;39m &amp#27;[32mDEBUG&amp#27;[0;39m &amp#27;[35m32373&amp#27;[0;39m &amp#27;[2m---&amp#27;[0;39m &amp#27;[2m[transferer] [           main]&amp#27;[0;39m &amp#27;[2m&amp#27;[0;39m&amp#27;[36mio.r2dbc.h2.client.SessionClient        &amp#27;[0;39m &amp#27;[2m:&amp#27;[0;39m Response: org.h2.result.LocalResult@f48a080 columns: 1 rows: 1 pos: -1
&amp#27;[2m2025-08-17T20:20:19.686+01:00&amp#27;[0;39m &amp#27;[32mDEBUG&amp#27;[0;39m &amp#27;[35m32373&amp#27;[0;39m &amp#27;[2m---&amp#27;[0;39m &amp#27;[2m[transferer] [           main]&amp#27;[0;39m &amp#27;[2m&amp#27;[0;39m&amp#27;[36mo.s.r2dbc.core.DefaultDatabaseClient    &amp#27;[0;39m &amp#27;[2m:&amp#27;[0;39m Executing SQL statement [DELETE FROM transactions]
&amp#27;[2m2025-08-17T20:20:19.686+01:00&amp#27;[0;39m &amp#27;[32mDEBUG&amp#27;[0;39m &amp#27;[35m32373&amp#27;[0;39m &amp#27;[2m---&amp#27;[0;39m &amp#27;[2m[transferer] [           main]&amp#27;[0;39m &amp#27;[2m&amp#27;[0;39m&amp#27;[36mio.r2dbc.h2.client.SessionClient        &amp#27;[0;39m &amp#27;[2m:&amp#27;[0;39m Request:  DELETE FROM transactions
&amp#27;[2m2025-08-17T20:20:19.687+01:00&amp#27;[0;39m &amp#27;[32mDEBUG&amp#27;[0;39m &amp#27;[35m32373&amp#27;[0;39m &amp#27;[2m---&amp#27;[0;39m &amp#27;[2m[transferer] [           main]&amp#27;[0;39m &amp#27;[2m&amp#27;[0;39m&amp#27;[36mio.r2dbc.h2.client.SessionClient        &amp#27;[0;39m &amp#27;[2m:&amp#27;[0;39m Request:  SELECT CURRENT_TIMESTAMP
&amp#27;[2m2025-08-17T20:20:19.687+01:00&amp#27;[0;39m &amp#27;[32mDEBUG&amp#27;[0;39m &amp#27;[35m32373&amp#27;[0;39m &amp#27;[2m---&amp#27;[0;39m &amp#27;[2m[transferer] [           main]&amp#27;[0;39m &amp#27;[2m&amp#27;[0;39m&amp#27;[36mio.r2dbc.h2.client.SessionClient        &amp#27;[0;39m &amp#27;[2m:&amp#27;[0;39m Response: org.h2.result.LocalResult@401ec794 columns: 1 rows: 1 pos: -1
&amp#27;[2m2025-08-17T20:20:19.687+01:00&amp#27;[0;39m &amp#27;[32mDEBUG&amp#27;[0;39m &amp#27;[35m32373&amp#27;[0;39m &amp#27;[2m---&amp#27;[0;39m &amp#27;[2m[transferer] [           main]&amp#27;[0;39m &amp#27;[2m&amp#27;[0;39m&amp#27;[36mio.r2dbc.h2.client.SessionClient        &amp#27;[0;39m &amp#27;[2m:&amp#27;[0;39m Request:  SELECT 1
&amp#27;[2m2025-08-17T20:20:19.687+01:00&amp#27;[0;39m &amp#27;[32mDEBUG&amp#27;[0;39m &amp#27;[35m32373&amp#27;[0;39m &amp#27;[2m---&amp#27;[0;39m &amp#27;[2m[transferer] [           main]&amp#27;[0;39m &amp#27;[2m&amp#27;[0;39m&amp#27;[36mio.r2dbc.h2.client.SessionClient        &amp#27;[0;39m &amp#27;[2m:&amp#27;[0;39m Response: org.h2.result.LocalResult@d76099a columns: 1 rows: 1 pos: -1
&amp#27;[2m2025-08-17T20:20:19.687+01:00&amp#27;[0;39m &amp#27;[32mDEBUG&amp#27;[0;39m &amp#27;[35m32373&amp#27;[0;39m &amp#27;[2m---&amp#27;[0;39m &amp#27;[2m[transferer] [           main]&amp#27;[0;39m &amp#27;[2m&amp#27;[0;39m&amp#27;[36mo.s.r2dbc.core.DefaultDatabaseClient    &amp#27;[0;39m &amp#27;[2m:&amp#27;[0;39m Executing SQL statement [DELETE FROM accounts]
&amp#27;[2m2025-08-17T20:20:19.687+01:00&amp#27;[0;39m &amp#27;[32mDEBUG&amp#27;[0;39m &amp#27;[35m32373&amp#27;[0;39m &amp#27;[2m---&amp#27;[0;39m &amp#27;[2m[transferer] [           main]&amp#27;[0;39m &amp#27;[2m&amp#27;[0;39m&amp#27;[36mio.r2dbc.h2.client.SessionClient        &amp#27;[0;39m &amp#27;[2m:&amp#27;[0;39m Request:  DELETE FROM accounts
&amp#27;[2m2025-08-17T20:20:19.687+01:00&amp#27;[0;39m &amp#27;[32mDEBUG&amp#27;[0;39m &amp#27;[35m32373&amp#27;[0;39m &amp#27;[2m---&amp#27;[0;39m &amp#27;[2m[transferer] [           main]&amp#27;[0;39m &amp#27;[2m&amp#27;[0;39m&amp#27;[36mio.r2dbc.h2.client.SessionClient        &amp#27;[0;39m &amp#27;[2m:&amp#27;[0;39m Request:  SELECT CURRENT_TIMESTAMP
&amp#27;[2m2025-08-17T20:20:19.687+01:00&amp#27;[0;39m &amp#27;[32mDEBUG&amp#27;[0;39m &amp#27;[35m32373&amp#27;[0;39m &amp#27;[2m---&amp#27;[0;39m &amp#27;[2m[transferer] [           main]&amp#27;[0;39m &amp#27;[2m&amp#27;[0;39m&amp#27;[36mio.r2dbc.h2.client.SessionClient        &amp#27;[0;39m &amp#27;[2m:&amp#27;[0;39m Response: org.h2.result.LocalResult@7e1d8d41 columns: 1 rows: 1 pos: -1
&amp#27;[2m2025-08-17T20:20:19.687+01:00&amp#27;[0;39m &amp#27;[32mDEBUG&amp#27;[0;39m &amp#27;[35m32373&amp#27;[0;39m &amp#27;[2m---&amp#27;[0;39m &amp#27;[2m[transferer] [           main]&amp#27;[0;39m &amp#27;[2m&amp#27;[0;39m&amp#27;[36mio.r2dbc.h2.client.SessionClient        &amp#27;[0;39m &amp#27;[2m:&amp#27;[0;39m Request:  SELECT 1
&amp#27;[2m2025-08-17T20:20:19.687+01:00&amp#27;[0;39m &amp#27;[32mDEBUG&amp#27;[0;39m &amp#27;[35m32373&amp#27;[0;39m &amp#27;[2m---&amp#27;[0;39m &amp#27;[2m[transferer] [           main]&amp#27;[0;39m &amp#27;[2m&amp#27;[0;39m&amp#27;[36mio.r2dbc.h2.client.SessionClient        &amp#27;[0;39m &amp#27;[2m:&amp#27;[0;39m Response: org.h2.result.LocalResult@4809c771 columns: 1 rows: 1 pos: -1
&amp#27;[2m2025-08-17T20:20:19.687+01:00&amp#27;[0;39m &amp#27;[32mDEBUG&amp#27;[0;39m &amp#27;[35m32373&amp#27;[0;39m &amp#27;[2m---&amp#27;[0;39m &amp#27;[2m[transferer] [           main]&amp#27;[0;39m &amp#27;[2m&amp#27;[0;39m&amp#27;[36mo.s.r2dbc.core.DefaultDatabaseClient    &amp#27;[0;39m &amp#27;[2m:&amp#27;[0;39m Executing SQL statement [DELETE FROM outbox_events]
&amp#27;[2m2025-08-17T20:20:19.688+01:00&amp#27;[0;39m &amp#27;[32mDEBUG&amp#27;[0;39m &amp#27;[35m32373&amp#27;[0;39m &amp#27;[2m---&amp#27;[0;39m &amp#27;[2m[transferer] [           main]&amp#27;[0;39m &amp#27;[2m&amp#27;[0;39m&amp#27;[36mio.r2dbc.h2.client.SessionClient        &amp#27;[0;39m &amp#27;[2m:&amp#27;[0;39m Request:  DELETE FROM outbox_events
&amp#27;[2m2025-08-17T20:20:19.688+01:00&amp#27;[0;39m &amp#27;[32mDEBUG&amp#27;[0;39m &amp#27;[35m32373&amp#27;[0;39m &amp#27;[2m---&amp#27;[0;39m &amp#27;[2m[transferer] [           main]&amp#27;[0;39m &amp#27;[2m&amp#27;[0;39m&amp#27;[36mio.r2dbc.h2.client.SessionClient        &amp#27;[0;39m &amp#27;[2m:&amp#27;[0;39m Request:  SELECT CURRENT_TIMESTAMP
&amp#27;[2m2025-08-17T20:20:19.688+01:00&amp#27;[0;39m &amp#27;[32mDEBUG&amp#27;[0;39m &amp#27;[35m32373&amp#27;[0;39m &amp#27;[2m---&amp#27;[0;39m &amp#27;[2m[transferer] [           main]&amp#27;[0;39m &amp#27;[2m&amp#27;[0;39m&amp#27;[36mio.r2dbc.h2.client.SessionClient        &amp#27;[0;39m &amp#27;[2m:&amp#27;[0;39m Response: org.h2.result.LocalResult@359e27d2 columns: 1 rows: 1 pos: -1
]]></system-out>
    <system-err><![CDATA[WARNING: A Java agent has been loaded dynamically (/Users/bendrawer/.m2/repository/net/bytebuddy/byte-buddy-agent/1.14.10/byte-buddy-agent-1.14.10.jar)
WARNING: If a serviceability tool is in use, please run with -XX:+EnableDynamicAgentLoading to hide this warning
WARNING: If a serviceability tool is not in use, please run with -Djdk.instrument.traceUsage for more information
WARNING: Dynamic loading of agents will be disallowed by default in a future release
]]></system-err>
  </testcase>
</testsuite>